running egg_info
writing ../../build/turtlerobotirl/turtlerobotirl.egg-info/PKG-INFO
writing dependency_links to ../../build/turtlerobotirl/turtlerobotirl.egg-info/dependency_links.txt
writing entry points to ../../build/turtlerobotirl/turtlerobotirl.egg-info/entry_points.txt
writing requirements to ../../build/turtlerobotirl/turtlerobotirl.egg-info/requires.txt
writing top-level names to ../../build/turtlerobotirl/turtlerobotirl.egg-info/top_level.txt
reading manifest file '../../build/turtlerobotirl/turtlerobotirl.egg-info/SOURCES.txt'
adding license file 'LICENSE'
writing manifest file '../../build/turtlerobotirl/turtlerobotirl.egg-info/SOURCES.txt'
running build
running build_py
running install
running install_lib
running install_data
running install_egg_info
removing '/home/antwan/ros2_ws/install/turtlerobotirl/lib/python3.10/site-packages/turtlerobotirl-0.0.0-py3.10.egg-info' (and everything under it)
Copying ../../build/turtlerobotirl/turtlerobotirl.egg-info to /home/antwan/ros2_ws/install/turtlerobotirl/lib/python3.10/site-packages/turtlerobotirl-0.0.0-py3.10.egg-info
running install_scripts
Installing arduinoTranslator script to /home/antwan/ros2_ws/install/turtlerobotirl/lib/turtlerobotirl
Installing talker script to /home/antwan/ros2_ws/install/turtlerobotirl/lib/turtlerobotirl
writing list of installed files to '/home/antwan/ros2_ws/build/turtlerobotirl/install.log'
