[0.404s] Invoking command in '/home/antwan/ros2_ws/src/turtlerobotirl': PYTHONPATH=/home/antwan/ros2_ws/build/turtlerobotirl/prefix_override:/home/antwan/ros2_ws/install/turtlerobotirl/lib/python3.10/site-packages:${PYTHONPATH} /usr/bin/python3 -W ignore:setup.py install is deprecated setup.py egg_info --egg-base ../../build/turtlerobotirl build --build-base /home/antwan/ros2_ws/build/turtlerobotirl/build install --record /home/antwan/ros2_ws/build/turtlerobotirl/install.log --single-version-externally-managed install_data
[0.550s] running egg_info
[0.550s] writing ../../build/turtlerobotirl/turtlerobotirl.egg-info/PKG-INFO
[0.550s] writing dependency_links to ../../build/turtlerobotirl/turtlerobotirl.egg-info/dependency_links.txt
[0.550s] writing entry points to ../../build/turtlerobotirl/turtlerobotirl.egg-info/entry_points.txt
[0.550s] writing requirements to ../../build/turtlerobotirl/turtlerobotirl.egg-info/requires.txt
[0.550s] writing top-level names to ../../build/turtlerobotirl/turtlerobotirl.egg-info/top_level.txt
[0.552s] reading manifest file '../../build/turtlerobotirl/turtlerobotirl.egg-info/SOURCES.txt'
[0.552s] adding license file 'LICENSE'
[0.552s] writing manifest file '../../build/turtlerobotirl/turtlerobotirl.egg-info/SOURCES.txt'
[0.552s] running build
[0.552s] running build_py
[0.552s] running install
[0.553s] running install_lib
[0.553s] running install_data
[0.553s] running install_egg_info
[0.555s] removing '/home/antwan/ros2_ws/install/turtlerobotirl/lib/python3.10/site-packages/turtlerobotirl-0.0.0-py3.10.egg-info' (and everything under it)
[0.555s] Copying ../../build/turtlerobotirl/turtlerobotirl.egg-info to /home/antwan/ros2_ws/install/turtlerobotirl/lib/python3.10/site-packages/turtlerobotirl-0.0.0-py3.10.egg-info
[0.555s] running install_scripts
[0.569s] Installing arduinoTranslator script to /home/antwan/ros2_ws/install/turtlerobotirl/lib/turtlerobotirl
[0.569s] Installing talker script to /home/antwan/ros2_ws/install/turtlerobotirl/lib/turtlerobotirl
[0.569s] writing list of installed files to '/home/antwan/ros2_ws/build/turtlerobotirl/install.log'
[0.584s] Invoked command in '/home/antwan/ros2_ws/src/turtlerobotirl' returned '0': PYTHONPATH=/home/antwan/ros2_ws/build/turtlerobotirl/prefix_override:/home/antwan/ros2_ws/install/turtlerobotirl/lib/python3.10/site-packages:${PYTHONPATH} /usr/bin/python3 -W ignore:setup.py install is deprecated setup.py egg_info --egg-base ../../build/turtlerobotirl build --build-base /home/antwan/ros2_ws/build/turtlerobotirl/build install --record /home/antwan/ros2_ws/build/turtlerobotirl/install.log --single-version-externally-managed install_data
