[0.063s] DEBUG:colcon:Command line arguments: ['/usr/bin/colcon', 'build', '--symlink-install']
[0.063s] DEBUG:colcon:Parsed command line arguments: Namespace(log_base=None, log_level=None, verb_name='build', build_base='build', install_base='install', merge_install=False, symlink_install=True, test_result_base=None, continue_on_error=False, executor='parallel', parallel_workers=8, event_handlers=None, ignore_user_meta=False, metas=['./colcon.meta'], base_paths=['.'], packages_ignore=None, packages_ignore_regex=None, paths=None, packages_up_to=None, packages_up_to_regex=None, packages_above=None, packages_above_and_dependencies=None, packages_above_depth=None, packages_select_by_dep=None, packages_skip_by_dep=None, packages_skip_up_to=None, packages_select_build_failed=False, packages_skip_build_finished=False, packages_select_test_failures=False, packages_skip_test_passed=False, packages_select=None, packages_skip=None, packages_select_regex=None, packages_skip_regex=None, packages_start=None, packages_end=None, allow_overriding=[], cmake_args=None, cmake_target=None, cmake_target_skip_unavailable=False, cmake_clean_cache=False, cmake_clean_first=False, cmake_force_configure=False, ament_cmake_args=None, catkin_cmake_args=None, catkin_skip_building_tests=False, verb_parser=<colcon_defaults.argument_parser.defaults.DefaultArgumentsDecorator object at 0x78574fd499f0>, verb_extension=<colcon_core.verb.build.BuildVerb object at 0x78574fd49510>, main=<bound method BuildVerb.main of <colcon_core.verb.build.BuildVerb object at 0x78574fd49510>>)
[0.162s] Level 1:colcon.colcon_core.package_discovery:discover_packages(colcon_meta) check parameters
[0.162s] Level 1:colcon.colcon_core.package_discovery:discover_packages(recursive) check parameters
[0.162s] Level 1:colcon.colcon_core.package_discovery:discover_packages(ignore) check parameters
[0.162s] Level 1:colcon.colcon_core.package_discovery:discover_packages(path) check parameters
[0.162s] Level 1:colcon.colcon_core.package_discovery:discover_packages(colcon_meta) discover
[0.162s] Level 1:colcon.colcon_core.package_discovery:discover_packages(recursive) discover
[0.162s] INFO:colcon.colcon_core.package_discovery:Crawling recursively for packages in '/home/antwan/ros2_ws'
[0.162s] Level 1:colcon.colcon_core.package_identification:_identify(.) by extensions ['ignore', 'ignore_ament_install']
[0.162s] Level 1:colcon.colcon_core.package_identification:_identify(.) by extension 'ignore'
[0.162s] Level 1:colcon.colcon_core.package_identification:_identify(.) by extension 'ignore_ament_install'
[0.162s] Level 1:colcon.colcon_core.package_identification:_identify(.) by extensions ['colcon_pkg']
[0.162s] Level 1:colcon.colcon_core.package_identification:_identify(.) by extension 'colcon_pkg'
[0.163s] Level 1:colcon.colcon_core.package_identification:_identify(.) by extensions ['colcon_meta']
[0.163s] Level 1:colcon.colcon_core.package_identification:_identify(.) by extension 'colcon_meta'
[0.163s] Level 1:colcon.colcon_core.package_identification:_identify(.) by extensions ['ros']
[0.163s] Level 1:colcon.colcon_core.package_identification:_identify(.) by extension 'ros'
[0.169s] Level 1:colcon.colcon_core.package_identification:_identify(.) by extensions ['cmake', 'python']
[0.169s] Level 1:colcon.colcon_core.package_identification:_identify(.) by extension 'cmake'
[0.169s] Level 1:colcon.colcon_core.package_identification:_identify(.) by extension 'python'
[0.170s] Level 1:colcon.colcon_core.package_identification:_identify(.) by extensions ['python_setup_py']
[0.170s] Level 1:colcon.colcon_core.package_identification:_identify(.) by extension 'python_setup_py'
[0.170s] Level 1:colcon.colcon_core.package_identification:_identify(build) by extensions ['ignore', 'ignore_ament_install']
[0.170s] Level 1:colcon.colcon_core.package_identification:_identify(build) by extension 'ignore'
[0.170s] Level 1:colcon.colcon_core.package_identification:_identify(build) ignored
[0.170s] Level 1:colcon.colcon_core.package_identification:_identify(install) by extensions ['ignore', 'ignore_ament_install']
[0.170s] Level 1:colcon.colcon_core.package_identification:_identify(install) by extension 'ignore'
[0.170s] Level 1:colcon.colcon_core.package_identification:_identify(install) ignored
[0.170s] Level 1:colcon.colcon_core.package_identification:_identify(log) by extensions ['ignore', 'ignore_ament_install']
[0.170s] Level 1:colcon.colcon_core.package_identification:_identify(log) by extension 'ignore'
[0.170s] Level 1:colcon.colcon_core.package_identification:_identify(log) ignored
[0.170s] Level 1:colcon.colcon_core.package_identification:_identify(src) by extensions ['ignore', 'ignore_ament_install']
[0.170s] Level 1:colcon.colcon_core.package_identification:_identify(src) by extension 'ignore'
[0.170s] Level 1:colcon.colcon_core.package_identification:_identify(src) by extension 'ignore_ament_install'
[0.170s] Level 1:colcon.colcon_core.package_identification:_identify(src) by extensions ['colcon_pkg']
[0.170s] Level 1:colcon.colcon_core.package_identification:_identify(src) by extension 'colcon_pkg'
[0.170s] Level 1:colcon.colcon_core.package_identification:_identify(src) by extensions ['colcon_meta']
[0.170s] Level 1:colcon.colcon_core.package_identification:_identify(src) by extension 'colcon_meta'
[0.170s] Level 1:colcon.colcon_core.package_identification:_identify(src) by extensions ['ros']
[0.170s] Level 1:colcon.colcon_core.package_identification:_identify(src) by extension 'ros'
[0.170s] Level 1:colcon.colcon_core.package_identification:_identify(src) by extensions ['cmake', 'python']
[0.170s] Level 1:colcon.colcon_core.package_identification:_identify(src) by extension 'cmake'
[0.170s] Level 1:colcon.colcon_core.package_identification:_identify(src) by extension 'python'
[0.170s] Level 1:colcon.colcon_core.package_identification:_identify(src) by extensions ['python_setup_py']
[0.170s] Level 1:colcon.colcon_core.package_identification:_identify(src) by extension 'python_setup_py'
[0.170s] Level 1:colcon.colcon_core.package_identification:_identify(src/rplidar_ros2) by extensions ['ignore', 'ignore_ament_install']
[0.170s] Level 1:colcon.colcon_core.package_identification:_identify(src/rplidar_ros2) by extension 'ignore'
[0.170s] Level 1:colcon.colcon_core.package_identification:_identify(src/rplidar_ros2) by extension 'ignore_ament_install'
[0.170s] Level 1:colcon.colcon_core.package_identification:_identify(src/rplidar_ros2) by extensions ['colcon_pkg']
[0.171s] Level 1:colcon.colcon_core.package_identification:_identify(src/rplidar_ros2) by extension 'colcon_pkg'
[0.171s] Level 1:colcon.colcon_core.package_identification:_identify(src/rplidar_ros2) by extensions ['colcon_meta']
[0.171s] Level 1:colcon.colcon_core.package_identification:_identify(src/rplidar_ros2) by extension 'colcon_meta'
[0.171s] Level 1:colcon.colcon_core.package_identification:_identify(src/rplidar_ros2) by extensions ['ros']
[0.171s] Level 1:colcon.colcon_core.package_identification:_identify(src/rplidar_ros2) by extension 'ros'
[0.172s] DEBUG:colcon.colcon_core.package_identification:Package 'src/rplidar_ros2' with type 'ros.ament_cmake' and name 'rplidar_ros'
[0.172s] Level 1:colcon.colcon_core.package_identification:_identify(src/turtlerobotirl) by extensions ['ignore', 'ignore_ament_install']
[0.172s] Level 1:colcon.colcon_core.package_identification:_identify(src/turtlerobotirl) by extension 'ignore'
[0.172s] Level 1:colcon.colcon_core.package_identification:_identify(src/turtlerobotirl) by extension 'ignore_ament_install'
[0.172s] Level 1:colcon.colcon_core.package_identification:_identify(src/turtlerobotirl) by extensions ['colcon_pkg']
[0.172s] Level 1:colcon.colcon_core.package_identification:_identify(src/turtlerobotirl) by extension 'colcon_pkg'
[0.172s] Level 1:colcon.colcon_core.package_identification:_identify(src/turtlerobotirl) by extensions ['colcon_meta']
[0.172s] Level 1:colcon.colcon_core.package_identification:_identify(src/turtlerobotirl) by extension 'colcon_meta'
[0.172s] Level 1:colcon.colcon_core.package_identification:_identify(src/turtlerobotirl) by extensions ['ros']
[0.172s] Level 1:colcon.colcon_core.package_identification:_identify(src/turtlerobotirl) by extension 'ros'
[0.173s] DEBUG:colcon.colcon_core.package_identification:Package 'src/turtlerobotirl' with type 'ros.ament_python' and name 'turtlerobotirl'
[0.173s] Level 1:colcon.colcon_core.package_discovery:discover_packages(recursive) using defaults
[0.173s] Level 1:colcon.colcon_core.package_discovery:discover_packages(ignore) discover
[0.173s] Level 1:colcon.colcon_core.package_discovery:discover_packages(ignore) using defaults
[0.173s] Level 1:colcon.colcon_core.package_discovery:discover_packages(path) discover
[0.173s] Level 1:colcon.colcon_core.package_discovery:discover_packages(path) using defaults
[0.185s] Level 1:colcon.colcon_core.package_discovery:discover_packages(prefix_path) check parameters
[0.185s] Level 1:colcon.colcon_core.package_discovery:discover_packages(prefix_path) discover
[0.186s] DEBUG:colcon.colcon_installed_package_information.package_discovery:Found 2 installed packages in /home/antwan/ros2_ws/install
[0.187s] DEBUG:colcon.colcon_installed_package_information.package_discovery:Found 303 installed packages in /opt/ros/humble
[0.194s] Level 1:colcon.colcon_core.package_discovery:discover_packages(prefix_path) using defaults
[0.203s] ERROR:colcon.colcon_core.package_augmentation:Exception in package augmentation extension 'python': 
Traceback (most recent call last):
  File "/usr/lib/python3/dist-packages/colcon_core/package_augmentation/__init__.py", line 97, in augment_packages
    retval = extension.augment_packages(
  File "/usr/lib/python3/dist-packages/colcon_installed_package_information/package_augmentation/python.py", line 44, in augment_packages
    dist = next(iter(dists))
StopIteration

[0.207s] Level 5:colcon.colcon_core.verb:set package 'rplidar_ros' build argument 'cmake_args' from command line to 'None'
[0.207s] Level 5:colcon.colcon_core.verb:set package 'rplidar_ros' build argument 'cmake_target' from command line to 'None'
[0.207s] Level 5:colcon.colcon_core.verb:set package 'rplidar_ros' build argument 'cmake_target_skip_unavailable' from command line to 'False'
[0.207s] Level 5:colcon.colcon_core.verb:set package 'rplidar_ros' build argument 'cmake_clean_cache' from command line to 'False'
[0.207s] Level 5:colcon.colcon_core.verb:set package 'rplidar_ros' build argument 'cmake_clean_first' from command line to 'False'
[0.207s] Level 5:colcon.colcon_core.verb:set package 'rplidar_ros' build argument 'cmake_force_configure' from command line to 'False'
[0.207s] Level 5:colcon.colcon_core.verb:set package 'rplidar_ros' build argument 'ament_cmake_args' from command line to 'None'
[0.207s] Level 5:colcon.colcon_core.verb:set package 'rplidar_ros' build argument 'catkin_cmake_args' from command line to 'None'
[0.207s] Level 5:colcon.colcon_core.verb:set package 'rplidar_ros' build argument 'catkin_skip_building_tests' from command line to 'False'
[0.207s] DEBUG:colcon.colcon_core.verb:Building package 'rplidar_ros' with the following arguments: {'ament_cmake_args': None, 'build_base': '/home/antwan/ros2_ws/build/rplidar_ros', 'catkin_cmake_args': None, 'catkin_skip_building_tests': False, 'cmake_args': None, 'cmake_clean_cache': False, 'cmake_clean_first': False, 'cmake_force_configure': False, 'cmake_target': None, 'cmake_target_skip_unavailable': False, 'install_base': '/home/antwan/ros2_ws/install/rplidar_ros', 'merge_install': False, 'path': '/home/antwan/ros2_ws/src/rplidar_ros2', 'symlink_install': True, 'test_result_base': None}
[0.208s] Level 5:colcon.colcon_core.verb:set package 'turtlerobotirl' build argument 'cmake_args' from command line to 'None'
[0.208s] Level 5:colcon.colcon_core.verb:set package 'turtlerobotirl' build argument 'cmake_target' from command line to 'None'
[0.208s] Level 5:colcon.colcon_core.verb:set package 'turtlerobotirl' build argument 'cmake_target_skip_unavailable' from command line to 'False'
[0.208s] Level 5:colcon.colcon_core.verb:set package 'turtlerobotirl' build argument 'cmake_clean_cache' from command line to 'False'
[0.208s] Level 5:colcon.colcon_core.verb:set package 'turtlerobotirl' build argument 'cmake_clean_first' from command line to 'False'
[0.208s] Level 5:colcon.colcon_core.verb:set package 'turtlerobotirl' build argument 'cmake_force_configure' from command line to 'False'
[0.208s] Level 5:colcon.colcon_core.verb:set package 'turtlerobotirl' build argument 'ament_cmake_args' from command line to 'None'
[0.208s] Level 5:colcon.colcon_core.verb:set package 'turtlerobotirl' build argument 'catkin_cmake_args' from command line to 'None'
[0.208s] Level 5:colcon.colcon_core.verb:set package 'turtlerobotirl' build argument 'catkin_skip_building_tests' from command line to 'False'
[0.208s] DEBUG:colcon.colcon_core.verb:Building package 'turtlerobotirl' with the following arguments: {'ament_cmake_args': None, 'build_base': '/home/antwan/ros2_ws/build/turtlerobotirl', 'catkin_cmake_args': None, 'catkin_skip_building_tests': False, 'cmake_args': None, 'cmake_clean_cache': False, 'cmake_clean_first': False, 'cmake_force_configure': False, 'cmake_target': None, 'cmake_target_skip_unavailable': False, 'install_base': '/home/antwan/ros2_ws/install/turtlerobotirl', 'merge_install': False, 'path': '/home/antwan/ros2_ws/src/turtlerobotirl', 'symlink_install': True, 'test_result_base': None}
[0.208s] INFO:colcon.colcon_core.executor:Executing jobs using 'parallel' executor
[0.209s] DEBUG:colcon.colcon_parallel_executor.executor.parallel:run_until_complete
[0.209s] INFO:colcon.colcon_ros.task.ament_cmake.build:Building ROS package in '/home/antwan/ros2_ws/src/rplidar_ros2' with build type 'ament_cmake'
[0.209s] INFO:colcon.colcon_cmake.task.cmake.build:Building CMake package in '/home/antwan/ros2_ws/src/rplidar_ros2'
[0.210s] INFO:colcon.colcon_core.plugin_system:Skipping extension 'colcon_core.shell.bat': Not used on non-Windows systems
[0.210s] INFO:colcon.colcon_core.shell:Skip shell extension 'powershell' for command environment: Not usable outside of PowerShell
[0.210s] DEBUG:colcon.colcon_core.shell:Skip shell extension 'dsv' for command environment
[0.213s] INFO:colcon.colcon_ros.task.ament_python.build:Building ROS package in '/home/antwan/ros2_ws/src/turtlerobotirl' with build type 'ament_python'
[0.213s] Level 1:colcon.colcon_core.shell:create_environment_hook('turtlerobotirl', 'ament_prefix_path')
[0.213s] INFO:colcon.colcon_core.shell:Creating environment hook '/home/antwan/ros2_ws/install/turtlerobotirl/share/turtlerobotirl/hook/ament_prefix_path.ps1'
[0.214s] INFO:colcon.colcon_core.shell:Creating environment descriptor '/home/antwan/ros2_ws/install/turtlerobotirl/share/turtlerobotirl/hook/ament_prefix_path.dsv'
[0.214s] INFO:colcon.colcon_core.shell:Creating environment hook '/home/antwan/ros2_ws/install/turtlerobotirl/share/turtlerobotirl/hook/ament_prefix_path.sh'
[0.214s] INFO:colcon.colcon_core.shell:Skip shell extension 'powershell' for command environment: Not usable outside of PowerShell
[0.214s] DEBUG:colcon.colcon_core.shell:Skip shell extension 'dsv' for command environment
[0.220s] DEBUG:colcon.colcon_core.event_handler.log_command:Invoking command in '/home/antwan/ros2_ws/build/rplidar_ros': CMAKE_PREFIX_PATH=${CMAKE_PREFIX_PATH}:/home/antwan/ros2_ws/install/turtlerobotirl:/opt/ros/humble /usr/bin/cmake /home/antwan/ros2_ws/src/rplidar_ros2 -DAMENT_CMAKE_SYMLINK_INSTALL=1 -DCMAKE_INSTALL_PREFIX=/home/antwan/ros2_ws/install/rplidar_ros
[0.388s] INFO:colcon.colcon_core.task.python.build:Building Python package in '/home/antwan/ros2_ws/src/turtlerobotirl'
[0.389s] INFO:colcon.colcon_core.shell:Skip shell extension 'powershell' for command environment: Not usable outside of PowerShell
[0.389s] DEBUG:colcon.colcon_core.shell:Skip shell extension 'dsv' for command environment
[0.621s] DEBUG:colcon.colcon_core.task.python.build:While undoing a previous installation files outside the Python library path are being ignored: /home/antwan/ros2_ws/install/turtlerobotirl/share/ament_index/resource_index/packages/turtlerobotirl
[0.621s] DEBUG:colcon.colcon_core.task.python.build:While undoing a previous installation files outside the Python library path are being ignored: /home/antwan/ros2_ws/install/turtlerobotirl/share/turtlerobotirl/package.xml
[0.621s] DEBUG:colcon.colcon_core.task.python.build:While undoing a previous installation files outside the Python library path are being ignored: /home/antwan/ros2_ws/install/turtlerobotirl/lib/turtlerobotirl/arduinoTranslator
[0.621s] DEBUG:colcon.colcon_core.task.python.build:While undoing a previous installation files outside the Python library path are being ignored: /home/antwan/ros2_ws/install/turtlerobotirl/lib/turtlerobotirl/talker
[0.623s] DEBUG:colcon.colcon_core.event_handler.log_command:Invoking command in '/home/antwan/ros2_ws/build/turtlerobotirl': PYTHONPATH=/home/antwan/ros2_ws/build/turtlerobotirl/prefix_override:/home/antwan/ros2_ws/install/turtlerobotirl/lib/python3.10/site-packages:${PYTHONPATH} /usr/bin/python3 -W ignore:setup.py install is deprecated setup.py develop --editable --build-directory /home/antwan/ros2_ws/build/turtlerobotirl/build --no-deps symlink_data --force
[0.781s] DEBUG:colcon.colcon_core.event_handler.log_command:Invoked command in '/home/antwan/ros2_ws/build/rplidar_ros' returned '0': CMAKE_PREFIX_PATH=${CMAKE_PREFIX_PATH}:/home/antwan/ros2_ws/install/turtlerobotirl:/opt/ros/humble /usr/bin/cmake /home/antwan/ros2_ws/src/rplidar_ros2 -DAMENT_CMAKE_SYMLINK_INSTALL=1 -DCMAKE_INSTALL_PREFIX=/home/antwan/ros2_ws/install/rplidar_ros
[0.783s] DEBUG:colcon.colcon_core.event_handler.log_command:Invoking command in '/home/antwan/ros2_ws/build/rplidar_ros': CMAKE_PREFIX_PATH=${CMAKE_PREFIX_PATH}:/home/antwan/ros2_ws/install/turtlerobotirl:/opt/ros/humble /usr/bin/cmake --build /home/antwan/ros2_ws/build/rplidar_ros -- -j8 -l8
[1.001s] Level 1:colcon.colcon_core.shell:create_environment_hook('turtlerobotirl', 'pythonpath_develop')
[1.001s] INFO:colcon.colcon_core.shell:Creating environment hook '/home/antwan/ros2_ws/build/turtlerobotirl/share/turtlerobotirl/hook/pythonpath_develop.ps1'
[1.002s] DEBUG:colcon.colcon_core.event_handler.log_command:Invoked command in '/home/antwan/ros2_ws/build/turtlerobotirl' returned '0': PYTHONPATH=/home/antwan/ros2_ws/build/turtlerobotirl/prefix_override:/home/antwan/ros2_ws/install/turtlerobotirl/lib/python3.10/site-packages:${PYTHONPATH} /usr/bin/python3 -W ignore:setup.py install is deprecated setup.py develop --editable --build-directory /home/antwan/ros2_ws/build/turtlerobotirl/build --no-deps symlink_data --force
[1.002s] INFO:colcon.colcon_core.shell:Creating environment descriptor '/home/antwan/ros2_ws/build/turtlerobotirl/share/turtlerobotirl/hook/pythonpath_develop.dsv'
[1.002s] INFO:colcon.colcon_core.shell:Creating environment hook '/home/antwan/ros2_ws/build/turtlerobotirl/share/turtlerobotirl/hook/pythonpath_develop.sh'
[1.005s] Level 1:colcon.colcon_core.environment:checking '/home/antwan/ros2_ws/install/turtlerobotirl' for CMake module files
[1.006s] Level 1:colcon.colcon_core.environment:checking '/home/antwan/ros2_ws/install/turtlerobotirl' for CMake config files
[1.006s] Level 1:colcon.colcon_core.environment:checking '/home/antwan/ros2_ws/install/turtlerobotirl/lib'
[1.007s] Level 1:colcon.colcon_core.environment:checking '/home/antwan/ros2_ws/install/turtlerobotirl/bin'
[1.007s] Level 1:colcon.colcon_core.environment:checking '/home/antwan/ros2_ws/install/turtlerobotirl/lib/pkgconfig/turtlerobotirl.pc'
[1.007s] Level 1:colcon.colcon_core.environment:checking '/home/antwan/ros2_ws/install/turtlerobotirl/lib/python3.10/site-packages'
[1.007s] Level 1:colcon.colcon_core.shell:create_environment_hook('turtlerobotirl', 'pythonpath')
[1.007s] INFO:colcon.colcon_core.shell:Creating environment hook '/home/antwan/ros2_ws/install/turtlerobotirl/share/turtlerobotirl/hook/pythonpath.ps1'
[1.008s] INFO:colcon.colcon_core.shell:Creating environment descriptor '/home/antwan/ros2_ws/install/turtlerobotirl/share/turtlerobotirl/hook/pythonpath.dsv'
[1.008s] INFO:colcon.colcon_core.shell:Creating environment hook '/home/antwan/ros2_ws/install/turtlerobotirl/share/turtlerobotirl/hook/pythonpath.sh'
[1.009s] Level 1:colcon.colcon_core.environment:checking '/home/antwan/ros2_ws/install/turtlerobotirl/bin'
[1.009s] Level 1:colcon.colcon_core.environment:create_environment_scripts_only(turtlerobotirl)
[1.009s] INFO:colcon.colcon_core.shell:Creating package script '/home/antwan/ros2_ws/install/turtlerobotirl/share/turtlerobotirl/package.ps1'
[1.010s] INFO:colcon.colcon_core.shell:Creating package descriptor '/home/antwan/ros2_ws/install/turtlerobotirl/share/turtlerobotirl/package.dsv'
[1.011s] INFO:colcon.colcon_core.shell:Creating package script '/home/antwan/ros2_ws/install/turtlerobotirl/share/turtlerobotirl/package.sh'
[1.012s] INFO:colcon.colcon_core.shell:Creating package script '/home/antwan/ros2_ws/install/turtlerobotirl/share/turtlerobotirl/package.bash'
[1.013s] INFO:colcon.colcon_core.shell:Creating package script '/home/antwan/ros2_ws/install/turtlerobotirl/share/turtlerobotirl/package.zsh'
[1.014s] Level 1:colcon.colcon_core.environment:create_file_with_runtime_dependencies(/home/antwan/ros2_ws/install/turtlerobotirl/share/colcon-core/packages/turtlerobotirl)
[6.803s] DEBUG:colcon.colcon_core.event_handler.log_command:Invoked command in '/home/antwan/ros2_ws/build/rplidar_ros' returned '0': CMAKE_PREFIX_PATH=${CMAKE_PREFIX_PATH}:/home/antwan/ros2_ws/install/turtlerobotirl:/opt/ros/humble /usr/bin/cmake --build /home/antwan/ros2_ws/build/rplidar_ros -- -j8 -l8
[6.833s] DEBUG:colcon.colcon_core.event_handler.log_command:Invoking command in '/home/antwan/ros2_ws/build/rplidar_ros': CMAKE_PREFIX_PATH=${CMAKE_PREFIX_PATH}:/home/antwan/ros2_ws/install/turtlerobotirl:/opt/ros/humble /usr/bin/cmake --install /home/antwan/ros2_ws/build/rplidar_ros
[6.848s] Level 1:colcon.colcon_core.environment:create_environment_scripts_only(rplidar_ros)
[6.848s] Level 1:colcon.colcon_core.environment:checking '/home/antwan/ros2_ws/install/rplidar_ros' for CMake module files
[6.848s] DEBUG:colcon.colcon_core.event_handler.log_command:Invoked command in '/home/antwan/ros2_ws/build/rplidar_ros' returned '0': CMAKE_PREFIX_PATH=${CMAKE_PREFIX_PATH}:/home/antwan/ros2_ws/install/turtlerobotirl:/opt/ros/humble /usr/bin/cmake --install /home/antwan/ros2_ws/build/rplidar_ros
[6.848s] Level 1:colcon.colcon_core.environment:checking '/home/antwan/ros2_ws/install/rplidar_ros' for CMake config files
[6.849s] Level 1:colcon.colcon_core.shell:create_environment_hook('rplidar_ros', 'cmake_prefix_path')
[6.849s] INFO:colcon.colcon_core.shell:Creating environment hook '/home/antwan/ros2_ws/install/rplidar_ros/share/rplidar_ros/hook/cmake_prefix_path.ps1'
[6.849s] INFO:colcon.colcon_core.shell:Creating environment descriptor '/home/antwan/ros2_ws/install/rplidar_ros/share/rplidar_ros/hook/cmake_prefix_path.dsv'
[6.849s] INFO:colcon.colcon_core.shell:Creating environment hook '/home/antwan/ros2_ws/install/rplidar_ros/share/rplidar_ros/hook/cmake_prefix_path.sh'
[6.850s] Level 1:colcon.colcon_core.environment:checking '/home/antwan/ros2_ws/install/rplidar_ros/lib'
[6.850s] Level 1:colcon.colcon_core.shell:create_environment_hook('rplidar_ros', 'ld_library_path_lib')
[6.850s] INFO:colcon.colcon_core.shell:Creating environment hook '/home/antwan/ros2_ws/install/rplidar_ros/share/rplidar_ros/hook/ld_library_path_lib.ps1'
[6.850s] INFO:colcon.colcon_core.shell:Creating environment descriptor '/home/antwan/ros2_ws/install/rplidar_ros/share/rplidar_ros/hook/ld_library_path_lib.dsv'
[6.850s] INFO:colcon.colcon_core.shell:Creating environment hook '/home/antwan/ros2_ws/install/rplidar_ros/share/rplidar_ros/hook/ld_library_path_lib.sh'
[6.851s] Level 1:colcon.colcon_core.environment:checking '/home/antwan/ros2_ws/install/rplidar_ros/bin'
[6.851s] Level 1:colcon.colcon_core.environment:checking '/home/antwan/ros2_ws/install/rplidar_ros/lib/pkgconfig/rplidar_ros.pc'
[6.851s] Level 1:colcon.colcon_core.environment:checking '/home/antwan/ros2_ws/install/rplidar_ros/lib/python3.10/site-packages'
[6.851s] Level 1:colcon.colcon_core.environment:checking '/home/antwan/ros2_ws/install/rplidar_ros/bin'
[6.851s] INFO:colcon.colcon_core.shell:Creating package script '/home/antwan/ros2_ws/install/rplidar_ros/share/rplidar_ros/package.ps1'
[6.851s] INFO:colcon.colcon_core.shell:Creating package descriptor '/home/antwan/ros2_ws/install/rplidar_ros/share/rplidar_ros/package.dsv'
[6.852s] INFO:colcon.colcon_core.shell:Creating package script '/home/antwan/ros2_ws/install/rplidar_ros/share/rplidar_ros/package.sh'
[6.852s] INFO:colcon.colcon_core.shell:Creating package script '/home/antwan/ros2_ws/install/rplidar_ros/share/rplidar_ros/package.bash'
[6.852s] INFO:colcon.colcon_core.shell:Creating package script '/home/antwan/ros2_ws/install/rplidar_ros/share/rplidar_ros/package.zsh'
[6.853s] Level 1:colcon.colcon_core.environment:create_file_with_runtime_dependencies(/home/antwan/ros2_ws/install/rplidar_ros/share/colcon-core/packages/rplidar_ros)
[6.888s] Level 1:colcon.colcon_core.environment:create_environment_scripts_only(rplidar_ros)
[6.888s] Level 1:colcon.colcon_core.environment:checking '/home/antwan/ros2_ws/install/rplidar_ros' for CMake module files
[6.888s] Level 1:colcon.colcon_core.environment:checking '/home/antwan/ros2_ws/install/rplidar_ros' for CMake config files
[6.889s] Level 1:colcon.colcon_core.shell:create_environment_hook('rplidar_ros', 'cmake_prefix_path')
[6.889s] INFO:colcon.colcon_core.shell:Creating environment hook '/home/antwan/ros2_ws/install/rplidar_ros/share/rplidar_ros/hook/cmake_prefix_path.ps1'
[6.889s] INFO:colcon.colcon_core.shell:Creating environment descriptor '/home/antwan/ros2_ws/install/rplidar_ros/share/rplidar_ros/hook/cmake_prefix_path.dsv'
[6.889s] INFO:colcon.colcon_core.shell:Creating environment hook '/home/antwan/ros2_ws/install/rplidar_ros/share/rplidar_ros/hook/cmake_prefix_path.sh'
[6.890s] Level 1:colcon.colcon_core.environment:checking '/home/antwan/ros2_ws/install/rplidar_ros/lib'
[6.890s] Level 1:colcon.colcon_core.shell:create_environment_hook('rplidar_ros', 'ld_library_path_lib')
[6.890s] INFO:colcon.colcon_core.shell:Creating environment hook '/home/antwan/ros2_ws/install/rplidar_ros/share/rplidar_ros/hook/ld_library_path_lib.ps1'
[6.890s] INFO:colcon.colcon_core.shell:Creating environment descriptor '/home/antwan/ros2_ws/install/rplidar_ros/share/rplidar_ros/hook/ld_library_path_lib.dsv'
[6.890s] INFO:colcon.colcon_core.shell:Creating environment hook '/home/antwan/ros2_ws/install/rplidar_ros/share/rplidar_ros/hook/ld_library_path_lib.sh'
[6.891s] Level 1:colcon.colcon_core.environment:checking '/home/antwan/ros2_ws/install/rplidar_ros/bin'
[6.891s] Level 1:colcon.colcon_core.environment:checking '/home/antwan/ros2_ws/install/rplidar_ros/lib/pkgconfig/rplidar_ros.pc'
[6.891s] Level 1:colcon.colcon_core.environment:checking '/home/antwan/ros2_ws/install/rplidar_ros/lib/python3.10/site-packages'
[6.891s] Level 1:colcon.colcon_core.environment:checking '/home/antwan/ros2_ws/install/rplidar_ros/bin'
[6.891s] INFO:colcon.colcon_core.shell:Creating package script '/home/antwan/ros2_ws/install/rplidar_ros/share/rplidar_ros/package.ps1'
[6.892s] INFO:colcon.colcon_core.shell:Creating package descriptor '/home/antwan/ros2_ws/install/rplidar_ros/share/rplidar_ros/package.dsv'
[6.892s] INFO:colcon.colcon_core.shell:Creating package script '/home/antwan/ros2_ws/install/rplidar_ros/share/rplidar_ros/package.sh'
[6.893s] INFO:colcon.colcon_core.shell:Creating package script '/home/antwan/ros2_ws/install/rplidar_ros/share/rplidar_ros/package.bash'
[6.893s] INFO:colcon.colcon_core.shell:Creating package script '/home/antwan/ros2_ws/install/rplidar_ros/share/rplidar_ros/package.zsh'
[6.893s] Level 1:colcon.colcon_core.environment:create_file_with_runtime_dependencies(/home/antwan/ros2_ws/install/rplidar_ros/share/colcon-core/packages/rplidar_ros)
[6.902s] DEBUG:colcon.colcon_parallel_executor.executor.parallel:closing loop
[6.903s] DEBUG:colcon.colcon_parallel_executor.executor.parallel:loop closed
[6.903s] DEBUG:colcon.colcon_parallel_executor.executor.parallel:run_until_complete finished with '0'
[6.903s] DEBUG:colcon.colcon_core.event_reactor:joining thread
[6.927s] INFO:colcon.colcon_core.plugin_system:Skipping extension 'colcon_notification.desktop_notification.terminal_notifier': Not used on non-Darwin systems
[6.928s] INFO:colcon.colcon_core.plugin_system:Skipping extension 'colcon_notification.desktop_notification.win32': Not used on non-Windows systems
[6.928s] INFO:colcon.colcon_notification.desktop_notification:Sending desktop notification using 'notify2'
[6.941s] DEBUG:colcon.colcon_core.event_reactor:joined thread
[6.941s] INFO:colcon.colcon_core.shell:Creating prefix script '/home/antwan/ros2_ws/install/local_setup.ps1'
[6.942s] INFO:colcon.colcon_core.shell:Creating prefix util module '/home/antwan/ros2_ws/install/_local_setup_util_ps1.py'
[6.943s] INFO:colcon.colcon_core.shell:Creating prefix chain script '/home/antwan/ros2_ws/install/setup.ps1'
[6.944s] INFO:colcon.colcon_core.shell:Creating prefix script '/home/antwan/ros2_ws/install/local_setup.sh'
[6.944s] INFO:colcon.colcon_core.shell:Creating prefix util module '/home/antwan/ros2_ws/install/_local_setup_util_sh.py'
[6.945s] INFO:colcon.colcon_core.shell:Creating prefix chain script '/home/antwan/ros2_ws/install/setup.sh'
[6.945s] INFO:colcon.colcon_core.shell:Creating prefix script '/home/antwan/ros2_ws/install/local_setup.bash'
[6.946s] INFO:colcon.colcon_core.shell:Creating prefix chain script '/home/antwan/ros2_ws/install/setup.bash'
[6.946s] INFO:colcon.colcon_core.shell:Creating prefix script '/home/antwan/ros2_ws/install/local_setup.zsh'
[6.946s] INFO:colcon.colcon_core.shell:Creating prefix chain script '/home/antwan/ros2_ws/install/setup.zsh'
