[0.011s] Invoking command in '/home/antwan/ros2_ws/build/rplidar_ros': CMAKE_PREFIX_PATH=${CMAKE_PREFIX_PATH}:/home/antwan/ros2_ws/install/turtlerobotirl:/opt/ros/humble /usr/bin/cmake /home/antwan/ros2_ws/src/rplidar_ros2 -DCMAKE_INSTALL_PREFIX=/home/antwan/ros2_ws/install/rplidar_ros
[0.020s] -- Found ament_cmake_auto: 1.3.8 (/opt/ros/humble/share/ament_cmake_auto/cmake)
[0.102s] -- Override CMake install command with custom implementation using symlinks instead of copying resources
[0.107s] -- Found ament_cmake_ros: 0.10.0 (/opt/ros/humble/share/ament_cmake_ros/cmake)
[0.173s] -- Found rosidl_generator_c: 3.1.5 (/opt/ros/humble/share/rosidl_generator_c/cmake)
[0.175s] -- Found rosidl_adapter: 3.1.5 (/opt/ros/humble/share/rosidl_adapter/cmake)
[0.179s] -- Found rosidl_generator_cpp: 3.1.5 (/opt/ros/humble/share/rosidl_generator_cpp/cmake)
[0.186s] -- Using all available rosidl_typesupport_c: rosidl_typesupport_fastrtps_c;rosidl_typesupport_introspection_c
[0.196s] -- Using all available rosidl_typesupport_cpp: rosidl_typesupport_fastrtps_cpp;rosidl_typesupport_introspection_cpp
[0.234s] -- Found rmw_implementation_cmake: 6.1.1 (/opt/ros/humble/share/rmw_implementation_cmake/cmake)
[0.235s] -- Found rmw_fastrtps_cpp: 6.2.6 (/opt/ros/humble/share/rmw_fastrtps_cpp/cmake)
[0.313s] -- Using RMW implementation 'rmw_fastrtps_cpp' as default
[0.559s] -- Configuring done
[0.572s] -- Generating done
[0.573s] -- Build files have been written to: /home/antwan/ros2_ws/build/rplidar_ros
[0.578s] Invoked command in '/home/antwan/ros2_ws/build/rplidar_ros' returned '0': CMAKE_PREFIX_PATH=${CMAKE_PREFIX_PATH}:/home/antwan/ros2_ws/install/turtlerobotirl:/opt/ros/humble /usr/bin/cmake /home/antwan/ros2_ws/src/rplidar_ros2 -DCMAKE_INSTALL_PREFIX=/home/antwan/ros2_ws/install/rplidar_ros
[0.580s] Invoking command in '/home/antwan/ros2_ws/build/rplidar_ros': CMAKE_PREFIX_PATH=${CMAKE_PREFIX_PATH}:/home/antwan/ros2_ws/install/turtlerobotirl:/opt/ros/humble /usr/bin/cmake --build /home/antwan/ros2_ws/build/rplidar_ros -- -j8 -l8
[0.610s] [35m[1mConsolidate compiler generated dependencies of target rplidar_composition_node[0m
[0.627s] [ 77%] Built target rplidar_composition_node
[0.636s] [35m[1mConsolidate compiler generated dependencies of target rplidar_composition[0m
[0.648s] [100%] Built target rplidar_composition
[0.656s] Invoked command in '/home/antwan/ros2_ws/build/rplidar_ros' returned '0': CMAKE_PREFIX_PATH=${CMAKE_PREFIX_PATH}:/home/antwan/ros2_ws/install/turtlerobotirl:/opt/ros/humble /usr/bin/cmake --build /home/antwan/ros2_ws/build/rplidar_ros -- -j8 -l8
[0.688s] Invoking command in '/home/antwan/ros2_ws/build/rplidar_ros': CMAKE_PREFIX_PATH=${CMAKE_PREFIX_PATH}:/home/antwan/ros2_ws/install/turtlerobotirl:/opt/ros/humble /usr/bin/cmake --install /home/antwan/ros2_ws/build/rplidar_ros
[0.693s] -- Install configuration: ""
[0.693s] -- Execute custom install script
[0.693s] -- Up-to-date symlink: /home/antwan/ros2_ws/install/rplidar_ros/lib/rplidar_ros/rplidar_composition
[0.693s] -- Up-to-date symlink: /home/antwan/ros2_ws/install/rplidar_ros/share/rplidar_ros/launch/rplidar.launch.py
[0.693s] -- Up-to-date symlink: /home/antwan/ros2_ws/install/rplidar_ros/share/rplidar_ros/launch/rplidar_a3.launch.py
[0.693s] -- Up-to-date symlink: /home/antwan/ros2_ws/install/rplidar_ros/share/rplidar_ros/launch/rplidar_s1.launch.py
[0.693s] -- Up-to-date symlink: /home/antwan/ros2_ws/install/rplidar_ros/share/rplidar_ros/launch/rplidar_s1_tcp.launch.py
[0.693s] -- Up-to-date symlink: /home/antwan/ros2_ws/install/rplidar_ros/share/rplidar_ros/launch/test_rplidar_a3.launch.py
[0.693s] -- Up-to-date symlink: /home/antwan/ros2_ws/install/rplidar_ros/share/rplidar_ros/launch/view_rplidar.launch.py
[0.694s] -- Up-to-date symlink: /home/antwan/ros2_ws/install/rplidar_ros/share/rplidar_ros/launch/view_rplidar_a3.launch.py
[0.694s] -- Up-to-date symlink: /home/antwan/ros2_ws/install/rplidar_ros/share/rplidar_ros/launch/view_rplidar_s1.launch.py
[0.694s] -- Up-to-date symlink: /home/antwan/ros2_ws/install/rplidar_ros/share/rplidar_ros/launch/view_rplidar_s1_tcp.launch.py
[0.694s] -- Up-to-date symlink: /home/antwan/ros2_ws/install/rplidar_ros/share/rplidar_ros/rviz/rplidar.rviz
[0.694s] -- Up-to-date symlink: /home/antwan/ros2_ws/install/rplidar_ros/lib/librplidar_composition_node.so
[0.694s] -- Up-to-date symlink: /home/antwan/ros2_ws/install/rplidar_ros/include/rplidar_node.hpp
[0.694s] -- Up-to-date symlink: /home/antwan/ros2_ws/install/rplidar_ros/include/visibility.h
[0.694s] -- Up-to-date symlink: /home/antwan/ros2_ws/install/rplidar_ros/lib/rplidar_ros/rplidar_composition
[0.695s] -- Up-to-date symlink: /home/antwan/ros2_ws/install/rplidar_ros/share/ament_index/resource_index/package_run_dependencies/rplidar_ros
[0.695s] -- Up-to-date symlink: /home/antwan/ros2_ws/install/rplidar_ros/share/ament_index/resource_index/parent_prefix_path/rplidar_ros
[0.695s] -- Up-to-date symlink: /home/antwan/ros2_ws/install/rplidar_ros/share/rplidar_ros/environment/ament_prefix_path.sh
[0.695s] -- Up-to-date symlink: /home/antwan/ros2_ws/install/rplidar_ros/share/rplidar_ros/environment/ament_prefix_path.dsv
[0.695s] -- Up-to-date symlink: /home/antwan/ros2_ws/install/rplidar_ros/share/rplidar_ros/environment/path.sh
[0.695s] -- Up-to-date symlink: /home/antwan/ros2_ws/install/rplidar_ros/share/rplidar_ros/environment/path.dsv
[0.695s] -- Up-to-date symlink: /home/antwan/ros2_ws/install/rplidar_ros/share/rplidar_ros/local_setup.bash
[0.695s] -- Up-to-date symlink: /home/antwan/ros2_ws/install/rplidar_ros/share/rplidar_ros/local_setup.sh
[0.695s] -- Up-to-date symlink: /home/antwan/ros2_ws/install/rplidar_ros/share/rplidar_ros/local_setup.zsh
[0.695s] -- Up-to-date symlink: /home/antwan/ros2_ws/install/rplidar_ros/share/rplidar_ros/local_setup.dsv
[0.695s] -- Symlinking: /home/antwan/ros2_ws/install/rplidar_ros/share/rplidar_ros/package.dsv
[0.702s] -- Up-to-date symlink: /home/antwan/ros2_ws/install/rplidar_ros/share/ament_index/resource_index/packages/rplidar_ros
[0.702s] -- Up-to-date symlink: /home/antwan/ros2_ws/install/rplidar_ros/share/ament_index/resource_index/rclcpp_components/rplidar_ros
[0.702s] -- Up-to-date symlink: /home/antwan/ros2_ws/install/rplidar_ros/share/rplidar_ros/cmake/ament_cmake_export_dependencies-extras.cmake
[0.702s] -- Up-to-date symlink: /home/antwan/ros2_ws/install/rplidar_ros/share/rplidar_ros/cmake/ament_cmake_export_include_directories-extras.cmake
[0.702s] -- Up-to-date symlink: /home/antwan/ros2_ws/install/rplidar_ros/share/rplidar_ros/cmake/rplidar_rosConfig.cmake
[0.702s] -- Up-to-date symlink: /home/antwan/ros2_ws/install/rplidar_ros/share/rplidar_ros/cmake/rplidar_rosConfig-version.cmake
[0.702s] -- Up-to-date symlink: /home/antwan/ros2_ws/install/rplidar_ros/share/rplidar_ros/package.xml
[0.704s] Invoked command in '/home/antwan/ros2_ws/build/rplidar_ros' returned '0': CMAKE_PREFIX_PATH=${CMAKE_PREFIX_PATH}:/home/antwan/ros2_ws/install/turtlerobotirl:/opt/ros/humble /usr/bin/cmake --install /home/antwan/ros2_ws/build/rplidar_ros
