[0.012s] Invoking command in '/home/antwan/ros2_ws/build/rplidar_ros': CMAKE_PREFIX_PATH=${CMAKE_PREFIX_PATH}:/home/antwan/ros2_ws/install/turtlerobotirl:/opt/ros/humble /usr/bin/cmake /home/antwan/ros2_ws/src/rplidar_ros2 -DAMENT_CMAKE_SYMLINK_INSTALL=1 -DCMAKE_INSTALL_PREFIX=/home/antwan/ros2_ws/install/rplidar_ros
[0.020s] -- Found ament_cmake_auto: 1.3.8 (/opt/ros/humble/share/ament_cmake_auto/cmake)
[0.101s] -- Override CMake install command with custom implementation using symlinks instead of copying resources
[0.116s] -- Found ament_cmake_ros: 0.10.0 (/opt/ros/humble/share/ament_cmake_ros/cmake)
[0.181s] -- Found rosidl_generator_c: 3.1.5 (/opt/ros/humble/share/rosidl_generator_c/cmake)
[0.182s] -- Found rosidl_adapter: 3.1.5 (/opt/ros/humble/share/rosidl_adapter/cmake)
[0.186s] -- Found rosidl_generator_cpp: 3.1.5 (/opt/ros/humble/share/rosidl_generator_cpp/cmake)
[0.194s] -- Using all available rosidl_typesupport_c: rosidl_typesupport_fastrtps_c;rosidl_typesupport_introspection_c
[0.204s] -- Using all available rosidl_typesupport_cpp: rosidl_typesupport_fastrtps_cpp;rosidl_typesupport_introspection_cpp
[0.243s] -- Found rmw_implementation_cmake: 6.1.1 (/opt/ros/humble/share/rmw_implementation_cmake/cmake)
[0.243s] -- Found rmw_fastrtps_cpp: 6.2.6 (/opt/ros/humble/share/rmw_fastrtps_cpp/cmake)
[0.321s] -- Using RMW implementation 'rmw_fastrtps_cpp' as default
[0.567s] -- Configuring done
[0.583s] -- Generating done
[0.596s] -- Build files have been written to: /home/antwan/ros2_ws/build/rplidar_ros
[0.602s] Invoked command in '/home/antwan/ros2_ws/build/rplidar_ros' returned '0': CMAKE_PREFIX_PATH=${CMAKE_PREFIX_PATH}:/home/antwan/ros2_ws/install/turtlerobotirl:/opt/ros/humble /usr/bin/cmake /home/antwan/ros2_ws/src/rplidar_ros2 -DAMENT_CMAKE_SYMLINK_INSTALL=1 -DCMAKE_INSTALL_PREFIX=/home/antwan/ros2_ws/install/rplidar_ros
[0.603s] Invoking command in '/home/antwan/ros2_ws/build/rplidar_ros': CMAKE_PREFIX_PATH=${CMAKE_PREFIX_PATH}:/home/antwan/ros2_ws/install/turtlerobotirl:/opt/ros/humble /usr/bin/cmake --build /home/antwan/ros2_ws/build/rplidar_ros -- -j8 -l8
[0.634s] [35m[1mConsolidate compiler generated dependencies of target rplidar_composition_node[0m
[0.649s] [ 11%] [32m[1mLinking CXX shared library librplidar_composition_node.so[0m
[0.825s] [ 77%] Built target rplidar_composition_node
[0.833s] [35m[1mConsolidate compiler generated dependencies of target rplidar_composition[0m
[0.846s] [ 88%] [32m[1mLinking CXX executable rplidar_composition[0m
[0.952s] [100%] Built target rplidar_composition
[0.966s] Invoked command in '/home/antwan/ros2_ws/build/rplidar_ros' returned '0': CMAKE_PREFIX_PATH=${CMAKE_PREFIX_PATH}:/home/antwan/ros2_ws/install/turtlerobotirl:/opt/ros/humble /usr/bin/cmake --build /home/antwan/ros2_ws/build/rplidar_ros -- -j8 -l8
[1.011s] Invoking command in '/home/antwan/ros2_ws/build/rplidar_ros': CMAKE_PREFIX_PATH=${CMAKE_PREFIX_PATH}:/home/antwan/ros2_ws/install/turtlerobotirl:/opt/ros/humble /usr/bin/cmake --install /home/antwan/ros2_ws/build/rplidar_ros
[1.021s] -- Install configuration: ""
[1.021s] -- Execute custom install script
[1.022s] -- Symlinking: /home/antwan/ros2_ws/install/rplidar_ros/lib/rplidar_ros/rplidar_composition
[1.032s] -- Symlinking: /home/antwan/ros2_ws/install/rplidar_ros/share/rplidar_ros/launch/rplidar.launch.py
[1.040s] -- Symlinking: /home/antwan/ros2_ws/install/rplidar_ros/share/rplidar_ros/launch/rplidar_a3.launch.py
[1.047s] -- Symlinking: /home/antwan/ros2_ws/install/rplidar_ros/share/rplidar_ros/launch/rplidar_s1.launch.py
[1.054s] -- Symlinking: /home/antwan/ros2_ws/install/rplidar_ros/share/rplidar_ros/launch/rplidar_s1_tcp.launch.py
[1.060s] -- Symlinking: /home/antwan/ros2_ws/install/rplidar_ros/share/rplidar_ros/launch/test_rplidar_a3.launch.py
[1.067s] -- Symlinking: /home/antwan/ros2_ws/install/rplidar_ros/share/rplidar_ros/launch/view_rplidar.launch.py
[1.072s] -- Symlinking: /home/antwan/ros2_ws/install/rplidar_ros/share/rplidar_ros/launch/view_rplidar_a3.launch.py
[1.077s] -- Symlinking: /home/antwan/ros2_ws/install/rplidar_ros/share/rplidar_ros/launch/view_rplidar_s1.launch.py
[1.082s] -- Symlinking: /home/antwan/ros2_ws/install/rplidar_ros/share/rplidar_ros/launch/view_rplidar_s1_tcp.launch.py
[1.087s] -- Symlinking: /home/antwan/ros2_ws/install/rplidar_ros/share/rplidar_ros/rviz/rplidar.rviz
[1.093s] -- Symlinking: /home/antwan/ros2_ws/install/rplidar_ros/lib/librplidar_composition_node.so
[1.098s] -- Symlinking: /home/antwan/ros2_ws/install/rplidar_ros/include/rplidar_node.hpp
[1.105s] -- Symlinking: /home/antwan/ros2_ws/install/rplidar_ros/include/visibility.h
[1.113s] -- Up-to-date symlink: /home/antwan/ros2_ws/install/rplidar_ros/lib/rplidar_ros/rplidar_composition
[1.113s] -- Symlinking: /home/antwan/ros2_ws/install/rplidar_ros/share/ament_index/resource_index/package_run_dependencies/rplidar_ros
[1.119s] -- Symlinking: /home/antwan/ros2_ws/install/rplidar_ros/share/ament_index/resource_index/parent_prefix_path/rplidar_ros
[1.124s] -- Symlinking: /home/antwan/ros2_ws/install/rplidar_ros/share/rplidar_ros/environment/ament_prefix_path.sh
[1.131s] -- Symlinking: /home/antwan/ros2_ws/install/rplidar_ros/share/rplidar_ros/environment/ament_prefix_path.dsv
[1.137s] -- Symlinking: /home/antwan/ros2_ws/install/rplidar_ros/share/rplidar_ros/environment/path.sh
[1.143s] -- Symlinking: /home/antwan/ros2_ws/install/rplidar_ros/share/rplidar_ros/environment/path.dsv
[1.149s] -- Symlinking: /home/antwan/ros2_ws/install/rplidar_ros/share/rplidar_ros/local_setup.bash
[1.155s] -- Symlinking: /home/antwan/ros2_ws/install/rplidar_ros/share/rplidar_ros/local_setup.sh
[1.161s] -- Symlinking: /home/antwan/ros2_ws/install/rplidar_ros/share/rplidar_ros/local_setup.zsh
[1.167s] -- Symlinking: /home/antwan/ros2_ws/install/rplidar_ros/share/rplidar_ros/local_setup.dsv
[1.173s] -- Symlinking: /home/antwan/ros2_ws/install/rplidar_ros/share/rplidar_ros/package.dsv
[1.178s] -- Symlinking: /home/antwan/ros2_ws/install/rplidar_ros/share/ament_index/resource_index/packages/rplidar_ros
[1.184s] -- Symlinking: /home/antwan/ros2_ws/install/rplidar_ros/share/ament_index/resource_index/rclcpp_components/rplidar_ros
[1.189s] -- Symlinking: /home/antwan/ros2_ws/install/rplidar_ros/share/rplidar_ros/cmake/ament_cmake_export_dependencies-extras.cmake
[1.194s] -- Symlinking: /home/antwan/ros2_ws/install/rplidar_ros/share/rplidar_ros/cmake/ament_cmake_export_include_directories-extras.cmake
[1.200s] -- Symlinking: /home/antwan/ros2_ws/install/rplidar_ros/share/rplidar_ros/cmake/rplidar_rosConfig.cmake
[1.206s] -- Symlinking: /home/antwan/ros2_ws/install/rplidar_ros/share/rplidar_ros/cmake/rplidar_rosConfig-version.cmake
[1.212s] -- Symlinking: /home/antwan/ros2_ws/install/rplidar_ros/share/rplidar_ros/package.xml
[1.219s] Invoked command in '/home/antwan/ros2_ws/build/rplidar_ros' returned '0': CMAKE_PREFIX_PATH=${CMAKE_PREFIX_PATH}:/home/antwan/ros2_ws/install/turtlerobotirl:/opt/ros/humble /usr/bin/cmake --install /home/antwan/ros2_ws/build/rplidar_ros
