[0.265s] DEBUG:colcon:Command line arguments: ['/usr/bin/colcon', 'build', '--symlink-install']
[0.265s] DEBUG:colcon:Parsed command line arguments: Namespace(log_base=None, log_level=None, verb_name='build', build_base='build', install_base='install', merge_install=False, symlink_install=True, test_result_base=None, continue_on_error=False, executor='parallel', parallel_workers=8, event_handlers=None, ignore_user_meta=False, metas=['./colcon.meta'], base_paths=['.'], packages_ignore=None, packages_ignore_regex=None, paths=None, packages_up_to=None, packages_up_to_regex=None, packages_above=None, packages_above_and_dependencies=None, packages_above_depth=None, packages_select_by_dep=None, packages_skip_by_dep=None, packages_skip_up_to=None, packages_select_build_failed=False, packages_skip_build_finished=False, packages_select_test_failures=False, packages_skip_test_passed=False, packages_select=None, packages_skip=None, packages_select_regex=None, packages_skip_regex=None, packages_start=None, packages_end=None, allow_overriding=[], cmake_args=None, cmake_target=None, cmake_target_skip_unavailable=False, cmake_clean_cache=False, cmake_clean_first=False, cmake_force_configure=False, ament_cmake_args=None, catkin_cmake_args=None, catkin_skip_building_tests=False, verb_parser=<colcon_defaults.argument_parser.defaults.DefaultArgumentsDecorator object at 0x74ad6ae454b0>, verb_extension=<colcon_core.verb.build.BuildVerb object at 0x74ad6ae44fa0>, main=<bound method BuildVerb.main of <colcon_core.verb.build.BuildVerb object at 0x74ad6ae44fa0>>)
[0.488s] Level 1:colcon.colcon_core.package_discovery:discover_packages(colcon_meta) check parameters
[0.488s] Level 1:colcon.colcon_core.package_discovery:discover_packages(recursive) check parameters
[0.488s] Level 1:colcon.colcon_core.package_discovery:discover_packages(ignore) check parameters
[0.488s] Level 1:colcon.colcon_core.package_discovery:discover_packages(path) check parameters
[0.489s] Level 1:colcon.colcon_core.package_discovery:discover_packages(colcon_meta) discover
[0.489s] Level 1:colcon.colcon_core.package_discovery:discover_packages(recursive) discover
[0.489s] INFO:colcon.colcon_core.package_discovery:Crawling recursively for packages in '/home/antwan/ros2_ws'
[0.489s] Level 1:colcon.colcon_core.package_identification:_identify(.) by extensions ['ignore', 'ignore_ament_install']
[0.489s] Level 1:colcon.colcon_core.package_identification:_identify(.) by extension 'ignore'
[0.489s] Level 1:colcon.colcon_core.package_identification:_identify(.) by extension 'ignore_ament_install'
[0.489s] Level 1:colcon.colcon_core.package_identification:_identify(.) by extensions ['colcon_pkg']
[0.489s] Level 1:colcon.colcon_core.package_identification:_identify(.) by extension 'colcon_pkg'
[0.489s] Level 1:colcon.colcon_core.package_identification:_identify(.) by extensions ['colcon_meta']
[0.489s] Level 1:colcon.colcon_core.package_identification:_identify(.) by extension 'colcon_meta'
[0.489s] Level 1:colcon.colcon_core.package_identification:_identify(.) by extensions ['ros']
[0.489s] Level 1:colcon.colcon_core.package_identification:_identify(.) by extension 'ros'
[0.498s] Level 1:colcon.colcon_core.package_identification:_identify(.) by extensions ['cmake', 'python']
[0.498s] Level 1:colcon.colcon_core.package_identification:_identify(.) by extension 'cmake'
[0.498s] Level 1:colcon.colcon_core.package_identification:_identify(.) by extension 'python'
[0.498s] Level 1:colcon.colcon_core.package_identification:_identify(.) by extensions ['python_setup_py']
[0.498s] Level 1:colcon.colcon_core.package_identification:_identify(.) by extension 'python_setup_py'
[0.498s] Level 1:colcon.colcon_core.package_identification:_identify(build) by extensions ['ignore', 'ignore_ament_install']
[0.498s] Level 1:colcon.colcon_core.package_identification:_identify(build) by extension 'ignore'
[0.498s] Level 1:colcon.colcon_core.package_identification:_identify(build) ignored
[0.498s] Level 1:colcon.colcon_core.package_identification:_identify(install) by extensions ['ignore', 'ignore_ament_install']
[0.498s] Level 1:colcon.colcon_core.package_identification:_identify(install) by extension 'ignore'
[0.498s] Level 1:colcon.colcon_core.package_identification:_identify(install) ignored
[0.498s] Level 1:colcon.colcon_core.package_identification:_identify(log) by extensions ['ignore', 'ignore_ament_install']
[0.498s] Level 1:colcon.colcon_core.package_identification:_identify(log) by extension 'ignore'
[0.498s] Level 1:colcon.colcon_core.package_identification:_identify(log) ignored
[0.499s] Level 1:colcon.colcon_core.package_identification:_identify(src) by extensions ['ignore', 'ignore_ament_install']
[0.499s] Level 1:colcon.colcon_core.package_identification:_identify(src) by extension 'ignore'
[0.499s] Level 1:colcon.colcon_core.package_identification:_identify(src) by extension 'ignore_ament_install'
[0.499s] Level 1:colcon.colcon_core.package_identification:_identify(src) by extensions ['colcon_pkg']
[0.499s] Level 1:colcon.colcon_core.package_identification:_identify(src) by extension 'colcon_pkg'
[0.499s] Level 1:colcon.colcon_core.package_identification:_identify(src) by extensions ['colcon_meta']
[0.499s] Level 1:colcon.colcon_core.package_identification:_identify(src) by extension 'colcon_meta'
[0.499s] Level 1:colcon.colcon_core.package_identification:_identify(src) by extensions ['ros']
[0.499s] Level 1:colcon.colcon_core.package_identification:_identify(src) by extension 'ros'
[0.499s] Level 1:colcon.colcon_core.package_identification:_identify(src) by extensions ['cmake', 'python']
[0.499s] Level 1:colcon.colcon_core.package_identification:_identify(src) by extension 'cmake'
[0.499s] Level 1:colcon.colcon_core.package_identification:_identify(src) by extension 'python'
[0.499s] Level 1:colcon.colcon_core.package_identification:_identify(src) by extensions ['python_setup_py']
[0.499s] Level 1:colcon.colcon_core.package_identification:_identify(src) by extension 'python_setup_py'
[0.499s] Level 1:colcon.colcon_core.package_identification:_identify(src/example_interfaces) by extensions ['ignore', 'ignore_ament_install']
[0.499s] Level 1:colcon.colcon_core.package_identification:_identify(src/example_interfaces) by extension 'ignore'
[0.499s] Level 1:colcon.colcon_core.package_identification:_identify(src/example_interfaces) by extension 'ignore_ament_install'
[0.499s] Level 1:colcon.colcon_core.package_identification:_identify(src/example_interfaces) by extensions ['colcon_pkg']
[0.499s] Level 1:colcon.colcon_core.package_identification:_identify(src/example_interfaces) by extension 'colcon_pkg'
[0.499s] Level 1:colcon.colcon_core.package_identification:_identify(src/example_interfaces) by extensions ['colcon_meta']
[0.499s] Level 1:colcon.colcon_core.package_identification:_identify(src/example_interfaces) by extension 'colcon_meta'
[0.499s] Level 1:colcon.colcon_core.package_identification:_identify(src/example_interfaces) by extensions ['ros']
[0.499s] Level 1:colcon.colcon_core.package_identification:_identify(src/example_interfaces) by extension 'ros'
[0.502s] DEBUG:colcon.colcon_core.package_identification:Package 'src/example_interfaces' with type 'ros.ament_cmake' and name 'example_interfaces'
[0.502s] Level 1:colcon.colcon_core.package_identification:_identify(src/rplidar_ros2) by extensions ['ignore', 'ignore_ament_install']
[0.502s] Level 1:colcon.colcon_core.package_identification:_identify(src/rplidar_ros2) by extension 'ignore'
[0.502s] Level 1:colcon.colcon_core.package_identification:_identify(src/rplidar_ros2) by extension 'ignore_ament_install'
[0.502s] Level 1:colcon.colcon_core.package_identification:_identify(src/rplidar_ros2) by extensions ['colcon_pkg']
[0.502s] Level 1:colcon.colcon_core.package_identification:_identify(src/rplidar_ros2) by extension 'colcon_pkg'
[0.502s] Level 1:colcon.colcon_core.package_identification:_identify(src/rplidar_ros2) by extensions ['colcon_meta']
[0.502s] Level 1:colcon.colcon_core.package_identification:_identify(src/rplidar_ros2) by extension 'colcon_meta'
[0.502s] Level 1:colcon.colcon_core.package_identification:_identify(src/rplidar_ros2) by extensions ['ros']
[0.502s] Level 1:colcon.colcon_core.package_identification:_identify(src/rplidar_ros2) by extension 'ros'
[0.502s] DEBUG:colcon.colcon_core.package_identification:Package 'src/rplidar_ros2' with type 'ros.ament_cmake' and name 'rplidar_ros'
[0.503s] Level 1:colcon.colcon_core.package_identification:_identify(src/turtlerobotirl) by extensions ['ignore', 'ignore_ament_install']
[0.503s] Level 1:colcon.colcon_core.package_identification:_identify(src/turtlerobotirl) by extension 'ignore'
[0.503s] Level 1:colcon.colcon_core.package_identification:_identify(src/turtlerobotirl) by extension 'ignore_ament_install'
[0.503s] Level 1:colcon.colcon_core.package_identification:_identify(src/turtlerobotirl) by extensions ['colcon_pkg']
[0.503s] Level 1:colcon.colcon_core.package_identification:_identify(src/turtlerobotirl) by extension 'colcon_pkg'
[0.503s] Level 1:colcon.colcon_core.package_identification:_identify(src/turtlerobotirl) by extensions ['colcon_meta']
[0.503s] Level 1:colcon.colcon_core.package_identification:_identify(src/turtlerobotirl) by extension 'colcon_meta'
[0.503s] Level 1:colcon.colcon_core.package_identification:_identify(src/turtlerobotirl) by extensions ['ros']
[0.503s] Level 1:colcon.colcon_core.package_identification:_identify(src/turtlerobotirl) by extension 'ros'
[0.503s] DEBUG:colcon.colcon_core.package_identification:Package 'src/turtlerobotirl' with type 'ros.ament_python' and name 'turtlerobotirl'
[0.503s] Level 1:colcon.colcon_core.package_discovery:discover_packages(recursive) using defaults
[0.503s] Level 1:colcon.colcon_core.package_discovery:discover_packages(ignore) discover
[0.503s] Level 1:colcon.colcon_core.package_discovery:discover_packages(ignore) using defaults
[0.503s] Level 1:colcon.colcon_core.package_discovery:discover_packages(path) discover
[0.503s] Level 1:colcon.colcon_core.package_discovery:discover_packages(path) using defaults
[0.528s] Level 1:colcon.colcon_core.package_discovery:discover_packages(prefix_path) check parameters
[0.528s] Level 1:colcon.colcon_core.package_discovery:discover_packages(prefix_path) discover
[0.531s] DEBUG:colcon.colcon_installed_package_information.package_discovery:Found 303 installed packages in /opt/ros/humble
[0.538s] Level 1:colcon.colcon_core.package_discovery:discover_packages(prefix_path) using defaults
[0.548s] ERROR:colcon.colcon_core.package_augmentation:Exception in package augmentation extension 'python': 
Traceback (most recent call last):
  File "/usr/lib/python3/dist-packages/colcon_core/package_augmentation/__init__.py", line 97, in augment_packages
    retval = extension.augment_packages(
  File "/usr/lib/python3/dist-packages/colcon_installed_package_information/package_augmentation/python.py", line 44, in augment_packages
    dist = next(iter(dists))
StopIteration

[0.552s] WARNING:colcon.colcon_core.package_selection:Some selected packages are already built in one or more underlay workspaces:
	'example_interfaces' is in: /opt/ros/humble
If a package in a merged underlay workspace is overridden and it installs headers, then all packages in the overlay must sort their include directories by workspace order. Failure to do so may result in build failures or undefined behavior at run time.
If the overridden package is used by another package in any underlay, then the overriding package in the overlay must be API and ABI compatible or undefined behavior at run time may occur.

If you understand the risks and want to override a package anyways, add the following to the command line:
	--allow-overriding example_interfaces

This may be promoted to an error in a future release of colcon-override-check.
[0.552s] Level 5:colcon.colcon_core.verb:set package 'example_interfaces' build argument 'cmake_args' from command line to 'None'
[0.552s] Level 5:colcon.colcon_core.verb:set package 'example_interfaces' build argument 'cmake_target' from command line to 'None'
[0.552s] Level 5:colcon.colcon_core.verb:set package 'example_interfaces' build argument 'cmake_target_skip_unavailable' from command line to 'False'
[0.552s] Level 5:colcon.colcon_core.verb:set package 'example_interfaces' build argument 'cmake_clean_cache' from command line to 'False'
[0.552s] Level 5:colcon.colcon_core.verb:set package 'example_interfaces' build argument 'cmake_clean_first' from command line to 'False'
[0.552s] Level 5:colcon.colcon_core.verb:set package 'example_interfaces' build argument 'cmake_force_configure' from command line to 'False'
[0.552s] Level 5:colcon.colcon_core.verb:set package 'example_interfaces' build argument 'ament_cmake_args' from command line to 'None'
[0.552s] Level 5:colcon.colcon_core.verb:set package 'example_interfaces' build argument 'catkin_cmake_args' from command line to 'None'
[0.552s] Level 5:colcon.colcon_core.verb:set package 'example_interfaces' build argument 'catkin_skip_building_tests' from command line to 'False'
[0.552s] DEBUG:colcon.colcon_core.verb:Building package 'example_interfaces' with the following arguments: {'ament_cmake_args': None, 'build_base': '/home/antwan/ros2_ws/build/example_interfaces', 'catkin_cmake_args': None, 'catkin_skip_building_tests': False, 'cmake_args': None, 'cmake_clean_cache': False, 'cmake_clean_first': False, 'cmake_force_configure': False, 'cmake_target': None, 'cmake_target_skip_unavailable': False, 'install_base': '/home/antwan/ros2_ws/install/example_interfaces', 'merge_install': False, 'path': '/home/antwan/ros2_ws/src/example_interfaces', 'symlink_install': True, 'test_result_base': None}
[0.553s] Level 5:colcon.colcon_core.verb:set package 'rplidar_ros' build argument 'cmake_args' from command line to 'None'
[0.553s] Level 5:colcon.colcon_core.verb:set package 'rplidar_ros' build argument 'cmake_target' from command line to 'None'
[0.553s] Level 5:colcon.colcon_core.verb:set package 'rplidar_ros' build argument 'cmake_target_skip_unavailable' from command line to 'False'
[0.553s] Level 5:colcon.colcon_core.verb:set package 'rplidar_ros' build argument 'cmake_clean_cache' from command line to 'False'
[0.553s] Level 5:colcon.colcon_core.verb:set package 'rplidar_ros' build argument 'cmake_clean_first' from command line to 'False'
[0.553s] Level 5:colcon.colcon_core.verb:set package 'rplidar_ros' build argument 'cmake_force_configure' from command line to 'False'
[0.553s] Level 5:colcon.colcon_core.verb:set package 'rplidar_ros' build argument 'ament_cmake_args' from command line to 'None'
[0.553s] Level 5:colcon.colcon_core.verb:set package 'rplidar_ros' build argument 'catkin_cmake_args' from command line to 'None'
[0.553s] Level 5:colcon.colcon_core.verb:set package 'rplidar_ros' build argument 'catkin_skip_building_tests' from command line to 'False'
[0.553s] DEBUG:colcon.colcon_core.verb:Building package 'rplidar_ros' with the following arguments: {'ament_cmake_args': None, 'build_base': '/home/antwan/ros2_ws/build/rplidar_ros', 'catkin_cmake_args': None, 'catkin_skip_building_tests': False, 'cmake_args': None, 'cmake_clean_cache': False, 'cmake_clean_first': False, 'cmake_force_configure': False, 'cmake_target': None, 'cmake_target_skip_unavailable': False, 'install_base': '/home/antwan/ros2_ws/install/rplidar_ros', 'merge_install': False, 'path': '/home/antwan/ros2_ws/src/rplidar_ros2', 'symlink_install': True, 'test_result_base': None}
[0.553s] Level 5:colcon.colcon_core.verb:set package 'turtlerobotirl' build argument 'cmake_args' from command line to 'None'
[0.553s] Level 5:colcon.colcon_core.verb:set package 'turtlerobotirl' build argument 'cmake_target' from command line to 'None'
[0.553s] Level 5:colcon.colcon_core.verb:set package 'turtlerobotirl' build argument 'cmake_target_skip_unavailable' from command line to 'False'
[0.553s] Level 5:colcon.colcon_core.verb:set package 'turtlerobotirl' build argument 'cmake_clean_cache' from command line to 'False'
[0.553s] Level 5:colcon.colcon_core.verb:set package 'turtlerobotirl' build argument 'cmake_clean_first' from command line to 'False'
[0.553s] Level 5:colcon.colcon_core.verb:set package 'turtlerobotirl' build argument 'cmake_force_configure' from command line to 'False'
[0.553s] Level 5:colcon.colcon_core.verb:set package 'turtlerobotirl' build argument 'ament_cmake_args' from command line to 'None'
[0.553s] Level 5:colcon.colcon_core.verb:set package 'turtlerobotirl' build argument 'catkin_cmake_args' from command line to 'None'
[0.553s] Level 5:colcon.colcon_core.verb:set package 'turtlerobotirl' build argument 'catkin_skip_building_tests' from command line to 'False'
[0.553s] DEBUG:colcon.colcon_core.verb:Building package 'turtlerobotirl' with the following arguments: {'ament_cmake_args': None, 'build_base': '/home/antwan/ros2_ws/build/turtlerobotirl', 'catkin_cmake_args': None, 'catkin_skip_building_tests': False, 'cmake_args': None, 'cmake_clean_cache': False, 'cmake_clean_first': False, 'cmake_force_configure': False, 'cmake_target': None, 'cmake_target_skip_unavailable': False, 'install_base': '/home/antwan/ros2_ws/install/turtlerobotirl', 'merge_install': False, 'path': '/home/antwan/ros2_ws/src/turtlerobotirl', 'symlink_install': True, 'test_result_base': None}
[0.553s] INFO:colcon.colcon_core.executor:Executing jobs using 'parallel' executor
[0.554s] DEBUG:colcon.colcon_parallel_executor.executor.parallel:run_until_complete
[0.554s] INFO:colcon.colcon_ros.task.ament_cmake.build:Building ROS package in '/home/antwan/ros2_ws/src/example_interfaces' with build type 'ament_cmake'
[0.554s] INFO:colcon.colcon_cmake.task.cmake.build:Building CMake package in '/home/antwan/ros2_ws/src/example_interfaces'
[0.558s] INFO:colcon.colcon_core.plugin_system:Skipping extension 'colcon_core.shell.bat': Not used on non-Windows systems
[0.559s] INFO:colcon.colcon_core.shell:Skip shell extension 'powershell' for command environment: Not usable outside of PowerShell
[0.559s] DEBUG:colcon.colcon_core.shell:Skip shell extension 'dsv' for command environment
[0.561s] INFO:colcon.colcon_ros.task.ament_cmake.build:Building ROS package in '/home/antwan/ros2_ws/src/rplidar_ros2' with build type 'ament_cmake'
[0.561s] INFO:colcon.colcon_cmake.task.cmake.build:Building CMake package in '/home/antwan/ros2_ws/src/rplidar_ros2'
[0.561s] INFO:colcon.colcon_core.shell:Skip shell extension 'powershell' for command environment: Not usable outside of PowerShell
[0.561s] DEBUG:colcon.colcon_core.shell:Skip shell extension 'dsv' for command environment
[0.563s] INFO:colcon.colcon_ros.task.ament_python.build:Building ROS package in '/home/antwan/ros2_ws/src/turtlerobotirl' with build type 'ament_python'
[0.563s] Level 1:colcon.colcon_core.shell:create_environment_hook('turtlerobotirl', 'ament_prefix_path')
[0.563s] INFO:colcon.colcon_core.shell:Creating environment hook '/home/antwan/ros2_ws/install/turtlerobotirl/share/turtlerobotirl/hook/ament_prefix_path.ps1'
[0.565s] INFO:colcon.colcon_core.shell:Creating environment descriptor '/home/antwan/ros2_ws/install/turtlerobotirl/share/turtlerobotirl/hook/ament_prefix_path.dsv'
[0.565s] INFO:colcon.colcon_core.shell:Creating environment hook '/home/antwan/ros2_ws/install/turtlerobotirl/share/turtlerobotirl/hook/ament_prefix_path.sh'
[0.566s] INFO:colcon.colcon_core.shell:Skip shell extension 'powershell' for command environment: Not usable outside of PowerShell
[0.566s] DEBUG:colcon.colcon_core.shell:Skip shell extension 'dsv' for command environment
[0.571s] DEBUG:colcon.colcon_core.event_handler.log_command:Invoking command in '/home/antwan/ros2_ws/build/example_interfaces': CMAKE_PREFIX_PATH=/opt/ros/humble /usr/bin/cmake --build /home/antwan/ros2_ws/build/example_interfaces -- -j8 -l8
[0.576s] DEBUG:colcon.colcon_core.event_handler.log_command:Invoking command in '/home/antwan/ros2_ws/build/rplidar_ros': CMAKE_PREFIX_PATH=/opt/ros/humble /usr/bin/cmake --build /home/antwan/ros2_ws/build/rplidar_ros -- -j8 -l8
[0.758s] INFO:colcon.colcon_core.task.python.build:Building Python package in '/home/antwan/ros2_ws/src/turtlerobotirl'
[0.759s] INFO:colcon.colcon_core.shell:Skip shell extension 'powershell' for command environment: Not usable outside of PowerShell
[0.759s] DEBUG:colcon.colcon_core.shell:Skip shell extension 'dsv' for command environment
[0.770s] DEBUG:colcon.colcon_core.event_handler.log_command:Invoked command in '/home/antwan/ros2_ws/build/rplidar_ros' returned '0': CMAKE_PREFIX_PATH=/opt/ros/humble /usr/bin/cmake --build /home/antwan/ros2_ws/build/rplidar_ros -- -j8 -l8
[0.798s] DEBUG:colcon.colcon_core.event_handler.log_command:Invoking command in '/home/antwan/ros2_ws/build/rplidar_ros': CMAKE_PREFIX_PATH=/opt/ros/humble /usr/bin/cmake --install /home/antwan/ros2_ws/build/rplidar_ros
[0.826s] Level 1:colcon.colcon_core.environment:create_environment_scripts_only(rplidar_ros)
[0.826s] DEBUG:colcon.colcon_core.event_handler.log_command:Invoked command in '/home/antwan/ros2_ws/build/rplidar_ros' returned '0': CMAKE_PREFIX_PATH=/opt/ros/humble /usr/bin/cmake --install /home/antwan/ros2_ws/build/rplidar_ros
[0.834s] Level 1:colcon.colcon_core.environment:checking '/home/antwan/ros2_ws/install/rplidar_ros' for CMake module files
[0.835s] Level 1:colcon.colcon_core.environment:checking '/home/antwan/ros2_ws/install/rplidar_ros' for CMake config files
[0.836s] Level 1:colcon.colcon_core.shell:create_environment_hook('rplidar_ros', 'cmake_prefix_path')
[0.836s] INFO:colcon.colcon_core.shell:Creating environment hook '/home/antwan/ros2_ws/install/rplidar_ros/share/rplidar_ros/hook/cmake_prefix_path.ps1'
[0.836s] INFO:colcon.colcon_core.shell:Creating environment descriptor '/home/antwan/ros2_ws/install/rplidar_ros/share/rplidar_ros/hook/cmake_prefix_path.dsv'
[0.837s] INFO:colcon.colcon_core.shell:Creating environment hook '/home/antwan/ros2_ws/install/rplidar_ros/share/rplidar_ros/hook/cmake_prefix_path.sh'
[0.837s] Level 1:colcon.colcon_core.environment:checking '/home/antwan/ros2_ws/install/rplidar_ros/lib'
[0.838s] Level 1:colcon.colcon_core.shell:create_environment_hook('rplidar_ros', 'ld_library_path_lib')
[0.838s] INFO:colcon.colcon_core.shell:Creating environment hook '/home/antwan/ros2_ws/install/rplidar_ros/share/rplidar_ros/hook/ld_library_path_lib.ps1'
[0.838s] INFO:colcon.colcon_core.shell:Creating environment descriptor '/home/antwan/ros2_ws/install/rplidar_ros/share/rplidar_ros/hook/ld_library_path_lib.dsv'
[0.838s] INFO:colcon.colcon_core.shell:Creating environment hook '/home/antwan/ros2_ws/install/rplidar_ros/share/rplidar_ros/hook/ld_library_path_lib.sh'
[0.839s] Level 1:colcon.colcon_core.environment:checking '/home/antwan/ros2_ws/install/rplidar_ros/bin'
[0.839s] Level 1:colcon.colcon_core.environment:checking '/home/antwan/ros2_ws/install/rplidar_ros/lib/pkgconfig/rplidar_ros.pc'
[0.839s] Level 1:colcon.colcon_core.environment:checking '/home/antwan/ros2_ws/install/rplidar_ros/lib/python3.10/site-packages'
[0.839s] Level 1:colcon.colcon_core.environment:checking '/home/antwan/ros2_ws/install/rplidar_ros/bin'
[0.839s] INFO:colcon.colcon_core.shell:Creating package script '/home/antwan/ros2_ws/install/rplidar_ros/share/rplidar_ros/package.ps1'
[0.841s] INFO:colcon.colcon_core.shell:Creating package descriptor '/home/antwan/ros2_ws/install/rplidar_ros/share/rplidar_ros/package.dsv'
[0.841s] INFO:colcon.colcon_core.shell:Creating package script '/home/antwan/ros2_ws/install/rplidar_ros/share/rplidar_ros/package.sh'
[0.842s] INFO:colcon.colcon_core.shell:Creating package script '/home/antwan/ros2_ws/install/rplidar_ros/share/rplidar_ros/package.bash'
[0.844s] INFO:colcon.colcon_core.shell:Creating package script '/home/antwan/ros2_ws/install/rplidar_ros/share/rplidar_ros/package.zsh'
[0.845s] Level 1:colcon.colcon_core.environment:create_file_with_runtime_dependencies(/home/antwan/ros2_ws/install/rplidar_ros/share/colcon-core/packages/rplidar_ros)
[0.867s] Level 1:colcon.colcon_core.environment:create_environment_scripts_only(rplidar_ros)
[0.868s] Level 1:colcon.colcon_core.environment:checking '/home/antwan/ros2_ws/install/rplidar_ros' for CMake module files
[0.868s] Level 1:colcon.colcon_core.environment:checking '/home/antwan/ros2_ws/install/rplidar_ros' for CMake config files
[0.869s] Level 1:colcon.colcon_core.shell:create_environment_hook('rplidar_ros', 'cmake_prefix_path')
[0.869s] INFO:colcon.colcon_core.shell:Creating environment hook '/home/antwan/ros2_ws/install/rplidar_ros/share/rplidar_ros/hook/cmake_prefix_path.ps1'
[0.869s] INFO:colcon.colcon_core.shell:Creating environment descriptor '/home/antwan/ros2_ws/install/rplidar_ros/share/rplidar_ros/hook/cmake_prefix_path.dsv'
[0.870s] INFO:colcon.colcon_core.shell:Creating environment hook '/home/antwan/ros2_ws/install/rplidar_ros/share/rplidar_ros/hook/cmake_prefix_path.sh'
[0.870s] Level 1:colcon.colcon_core.environment:checking '/home/antwan/ros2_ws/install/rplidar_ros/lib'
[0.870s] Level 1:colcon.colcon_core.shell:create_environment_hook('rplidar_ros', 'ld_library_path_lib')
[0.871s] INFO:colcon.colcon_core.shell:Creating environment hook '/home/antwan/ros2_ws/install/rplidar_ros/share/rplidar_ros/hook/ld_library_path_lib.ps1'
[0.871s] INFO:colcon.colcon_core.shell:Creating environment descriptor '/home/antwan/ros2_ws/install/rplidar_ros/share/rplidar_ros/hook/ld_library_path_lib.dsv'
[0.871s] INFO:colcon.colcon_core.shell:Creating environment hook '/home/antwan/ros2_ws/install/rplidar_ros/share/rplidar_ros/hook/ld_library_path_lib.sh'
[0.871s] Level 1:colcon.colcon_core.environment:checking '/home/antwan/ros2_ws/install/rplidar_ros/bin'
[0.871s] Level 1:colcon.colcon_core.environment:checking '/home/antwan/ros2_ws/install/rplidar_ros/lib/pkgconfig/rplidar_ros.pc'
[0.872s] Level 1:colcon.colcon_core.environment:checking '/home/antwan/ros2_ws/install/rplidar_ros/lib/python3.10/site-packages'
[0.872s] Level 1:colcon.colcon_core.environment:checking '/home/antwan/ros2_ws/install/rplidar_ros/bin'
[0.872s] INFO:colcon.colcon_core.shell:Creating package script '/home/antwan/ros2_ws/install/rplidar_ros/share/rplidar_ros/package.ps1'
[0.873s] INFO:colcon.colcon_core.shell:Creating package descriptor '/home/antwan/ros2_ws/install/rplidar_ros/share/rplidar_ros/package.dsv'
[0.873s] INFO:colcon.colcon_core.shell:Creating package script '/home/antwan/ros2_ws/install/rplidar_ros/share/rplidar_ros/package.sh'
[0.874s] INFO:colcon.colcon_core.shell:Creating package script '/home/antwan/ros2_ws/install/rplidar_ros/share/rplidar_ros/package.bash'
[0.874s] INFO:colcon.colcon_core.shell:Creating package script '/home/antwan/ros2_ws/install/rplidar_ros/share/rplidar_ros/package.zsh'
[0.874s] Level 1:colcon.colcon_core.environment:create_file_with_runtime_dependencies(/home/antwan/ros2_ws/install/rplidar_ros/share/colcon-core/packages/rplidar_ros)
[0.908s] DEBUG:colcon.colcon_core.event_handler.log_command:Invoked command in '/home/antwan/ros2_ws/build/example_interfaces' returned '0': CMAKE_PREFIX_PATH=/opt/ros/humble /usr/bin/cmake --build /home/antwan/ros2_ws/build/example_interfaces -- -j8 -l8
[1.127s] DEBUG:colcon.colcon_core.event_handler.log_command:Invoking command in '/home/antwan/ros2_ws/build/turtlerobotirl': PYTHONPATH=/home/antwan/ros2_ws/build/turtlerobotirl/prefix_override:/home/antwan/ros2_ws/install/turtlerobotirl/lib/python3.10/site-packages:${PYTHONPATH} /usr/bin/python3 -W ignore:setup.py install is deprecated setup.py develop --editable --build-directory /home/antwan/ros2_ws/build/turtlerobotirl/build --no-deps symlink_data
[1.251s] DEBUG:colcon.colcon_core.event_handler.log_command:Invoking command in '/home/antwan/ros2_ws/build/example_interfaces': CMAKE_PREFIX_PATH=/opt/ros/humble /usr/bin/cmake --install /home/antwan/ros2_ws/build/example_interfaces
[1.439s] Level 1:colcon.colcon_core.shell:create_environment_hook('turtlerobotirl', 'pythonpath_develop')
[1.439s] INFO:colcon.colcon_core.shell:Creating environment hook '/home/antwan/ros2_ws/build/turtlerobotirl/share/turtlerobotirl/hook/pythonpath_develop.ps1'
[1.440s] DEBUG:colcon.colcon_core.event_handler.log_command:Invoked command in '/home/antwan/ros2_ws/build/turtlerobotirl' returned '0': PYTHONPATH=/home/antwan/ros2_ws/build/turtlerobotirl/prefix_override:/home/antwan/ros2_ws/install/turtlerobotirl/lib/python3.10/site-packages:${PYTHONPATH} /usr/bin/python3 -W ignore:setup.py install is deprecated setup.py develop --editable --build-directory /home/antwan/ros2_ws/build/turtlerobotirl/build --no-deps symlink_data
[1.440s] INFO:colcon.colcon_core.shell:Creating environment descriptor '/home/antwan/ros2_ws/build/turtlerobotirl/share/turtlerobotirl/hook/pythonpath_develop.dsv'
[1.441s] INFO:colcon.colcon_core.shell:Creating environment hook '/home/antwan/ros2_ws/build/turtlerobotirl/share/turtlerobotirl/hook/pythonpath_develop.sh'
[1.441s] Level 1:colcon.colcon_core.environment:checking '/home/antwan/ros2_ws/install/turtlerobotirl' for CMake module files
[1.441s] Level 1:colcon.colcon_core.environment:checking '/home/antwan/ros2_ws/install/turtlerobotirl' for CMake config files
[1.442s] Level 1:colcon.colcon_core.environment:checking '/home/antwan/ros2_ws/install/turtlerobotirl/lib'
[1.442s] Level 1:colcon.colcon_core.environment:checking '/home/antwan/ros2_ws/install/turtlerobotirl/bin'
[1.442s] Level 1:colcon.colcon_core.environment:checking '/home/antwan/ros2_ws/install/turtlerobotirl/lib/pkgconfig/turtlerobotirl.pc'
[1.442s] Level 1:colcon.colcon_core.environment:checking '/home/antwan/ros2_ws/install/turtlerobotirl/lib/python3.10/site-packages'
[1.442s] Level 1:colcon.colcon_core.shell:create_environment_hook('turtlerobotirl', 'pythonpath')
[1.442s] INFO:colcon.colcon_core.shell:Creating environment hook '/home/antwan/ros2_ws/install/turtlerobotirl/share/turtlerobotirl/hook/pythonpath.ps1'
[1.443s] INFO:colcon.colcon_core.shell:Creating environment descriptor '/home/antwan/ros2_ws/install/turtlerobotirl/share/turtlerobotirl/hook/pythonpath.dsv'
[1.443s] INFO:colcon.colcon_core.shell:Creating environment hook '/home/antwan/ros2_ws/install/turtlerobotirl/share/turtlerobotirl/hook/pythonpath.sh'
[1.443s] Level 1:colcon.colcon_core.environment:checking '/home/antwan/ros2_ws/install/turtlerobotirl/bin'
[1.443s] Level 1:colcon.colcon_core.environment:create_environment_scripts_only(turtlerobotirl)
[1.443s] INFO:colcon.colcon_core.shell:Creating package script '/home/antwan/ros2_ws/install/turtlerobotirl/share/turtlerobotirl/package.ps1'
[1.444s] INFO:colcon.colcon_core.shell:Creating package descriptor '/home/antwan/ros2_ws/install/turtlerobotirl/share/turtlerobotirl/package.dsv'
[1.444s] INFO:colcon.colcon_core.shell:Creating package script '/home/antwan/ros2_ws/install/turtlerobotirl/share/turtlerobotirl/package.sh'
[1.444s] INFO:colcon.colcon_core.shell:Creating package script '/home/antwan/ros2_ws/install/turtlerobotirl/share/turtlerobotirl/package.bash'
[1.445s] INFO:colcon.colcon_core.shell:Creating package script '/home/antwan/ros2_ws/install/turtlerobotirl/share/turtlerobotirl/package.zsh'
[1.445s] Level 1:colcon.colcon_core.environment:create_file_with_runtime_dependencies(/home/antwan/ros2_ws/install/turtlerobotirl/share/colcon-core/packages/turtlerobotirl)
[1.451s] Level 1:colcon.colcon_core.environment:create_environment_scripts_only(example_interfaces)
[1.451s] Level 1:colcon.colcon_core.environment:checking '/home/antwan/ros2_ws/install/example_interfaces' for CMake module files
[1.451s] DEBUG:colcon.colcon_core.event_handler.log_command:Invoked command in '/home/antwan/ros2_ws/build/example_interfaces' returned '0': CMAKE_PREFIX_PATH=/opt/ros/humble /usr/bin/cmake --install /home/antwan/ros2_ws/build/example_interfaces
[1.452s] Level 1:colcon.colcon_core.environment:checking '/home/antwan/ros2_ws/install/example_interfaces' for CMake config files
[1.453s] Level 1:colcon.colcon_core.shell:create_environment_hook('example_interfaces', 'cmake_prefix_path')
[1.453s] INFO:colcon.colcon_core.shell:Creating environment hook '/home/antwan/ros2_ws/install/example_interfaces/share/example_interfaces/hook/cmake_prefix_path.ps1'
[1.453s] INFO:colcon.colcon_core.shell:Creating environment descriptor '/home/antwan/ros2_ws/install/example_interfaces/share/example_interfaces/hook/cmake_prefix_path.dsv'
[1.453s] INFO:colcon.colcon_core.shell:Creating environment hook '/home/antwan/ros2_ws/install/example_interfaces/share/example_interfaces/hook/cmake_prefix_path.sh'
[1.454s] Level 1:colcon.colcon_core.environment:checking '/home/antwan/ros2_ws/install/example_interfaces/lib'
[1.454s] Level 1:colcon.colcon_core.shell:create_environment_hook('example_interfaces', 'ld_library_path_lib')
[1.454s] INFO:colcon.colcon_core.shell:Creating environment hook '/home/antwan/ros2_ws/install/example_interfaces/share/example_interfaces/hook/ld_library_path_lib.ps1'
[1.454s] INFO:colcon.colcon_core.shell:Creating environment descriptor '/home/antwan/ros2_ws/install/example_interfaces/share/example_interfaces/hook/ld_library_path_lib.dsv'
[1.454s] INFO:colcon.colcon_core.shell:Creating environment hook '/home/antwan/ros2_ws/install/example_interfaces/share/example_interfaces/hook/ld_library_path_lib.sh'
[1.454s] Level 1:colcon.colcon_core.environment:checking '/home/antwan/ros2_ws/install/example_interfaces/bin'
[1.454s] Level 1:colcon.colcon_core.environment:checking '/home/antwan/ros2_ws/install/example_interfaces/lib/pkgconfig/example_interfaces.pc'
[1.455s] Level 1:colcon.colcon_core.environment:checking '/home/antwan/ros2_ws/install/example_interfaces/lib/python3.10/site-packages'
[1.455s] Level 1:colcon.colcon_core.environment:checking '/home/antwan/ros2_ws/install/example_interfaces/bin'
[1.455s] INFO:colcon.colcon_core.shell:Creating package script '/home/antwan/ros2_ws/install/example_interfaces/share/example_interfaces/package.ps1'
[1.455s] INFO:colcon.colcon_core.shell:Creating package descriptor '/home/antwan/ros2_ws/install/example_interfaces/share/example_interfaces/package.dsv'
[1.455s] INFO:colcon.colcon_core.shell:Creating package script '/home/antwan/ros2_ws/install/example_interfaces/share/example_interfaces/package.sh'
[1.456s] INFO:colcon.colcon_core.shell:Creating package script '/home/antwan/ros2_ws/install/example_interfaces/share/example_interfaces/package.bash'
[1.456s] INFO:colcon.colcon_core.shell:Creating package script '/home/antwan/ros2_ws/install/example_interfaces/share/example_interfaces/package.zsh'
[1.456s] Level 1:colcon.colcon_core.environment:create_file_with_runtime_dependencies(/home/antwan/ros2_ws/install/example_interfaces/share/colcon-core/packages/example_interfaces)
[1.806s] Level 1:colcon.colcon_core.environment:create_environment_scripts_only(example_interfaces)
[1.806s] Level 1:colcon.colcon_core.environment:checking '/home/antwan/ros2_ws/install/example_interfaces' for CMake module files
[1.807s] Level 1:colcon.colcon_core.environment:checking '/home/antwan/ros2_ws/install/example_interfaces' for CMake config files
[1.807s] Level 1:colcon.colcon_core.shell:create_environment_hook('example_interfaces', 'cmake_prefix_path')
[1.807s] INFO:colcon.colcon_core.shell:Creating environment hook '/home/antwan/ros2_ws/install/example_interfaces/share/example_interfaces/hook/cmake_prefix_path.ps1'
[1.808s] INFO:colcon.colcon_core.shell:Creating environment descriptor '/home/antwan/ros2_ws/install/example_interfaces/share/example_interfaces/hook/cmake_prefix_path.dsv'
[1.808s] INFO:colcon.colcon_core.shell:Creating environment hook '/home/antwan/ros2_ws/install/example_interfaces/share/example_interfaces/hook/cmake_prefix_path.sh'
[1.808s] Level 1:colcon.colcon_core.environment:checking '/home/antwan/ros2_ws/install/example_interfaces/lib'
[1.808s] Level 1:colcon.colcon_core.shell:create_environment_hook('example_interfaces', 'ld_library_path_lib')
[1.808s] INFO:colcon.colcon_core.shell:Creating environment hook '/home/antwan/ros2_ws/install/example_interfaces/share/example_interfaces/hook/ld_library_path_lib.ps1'
[1.809s] INFO:colcon.colcon_core.shell:Creating environment descriptor '/home/antwan/ros2_ws/install/example_interfaces/share/example_interfaces/hook/ld_library_path_lib.dsv'
[1.809s] INFO:colcon.colcon_core.shell:Creating environment hook '/home/antwan/ros2_ws/install/example_interfaces/share/example_interfaces/hook/ld_library_path_lib.sh'
[1.809s] Level 1:colcon.colcon_core.environment:checking '/home/antwan/ros2_ws/install/example_interfaces/bin'
[1.809s] Level 1:colcon.colcon_core.environment:checking '/home/antwan/ros2_ws/install/example_interfaces/lib/pkgconfig/example_interfaces.pc'
[1.809s] Level 1:colcon.colcon_core.environment:checking '/home/antwan/ros2_ws/install/example_interfaces/lib/python3.10/site-packages'
[1.809s] Level 1:colcon.colcon_core.environment:checking '/home/antwan/ros2_ws/install/example_interfaces/bin'
[1.809s] INFO:colcon.colcon_core.shell:Creating package script '/home/antwan/ros2_ws/install/example_interfaces/share/example_interfaces/package.ps1'
[1.810s] INFO:colcon.colcon_core.shell:Creating package descriptor '/home/antwan/ros2_ws/install/example_interfaces/share/example_interfaces/package.dsv'
[1.810s] INFO:colcon.colcon_core.shell:Creating package script '/home/antwan/ros2_ws/install/example_interfaces/share/example_interfaces/package.sh'
[1.810s] INFO:colcon.colcon_core.shell:Creating package script '/home/antwan/ros2_ws/install/example_interfaces/share/example_interfaces/package.bash'
[1.811s] INFO:colcon.colcon_core.shell:Creating package script '/home/antwan/ros2_ws/install/example_interfaces/share/example_interfaces/package.zsh'
[1.811s] Level 1:colcon.colcon_core.environment:create_file_with_runtime_dependencies(/home/antwan/ros2_ws/install/example_interfaces/share/colcon-core/packages/example_interfaces)
[1.811s] DEBUG:colcon.colcon_parallel_executor.executor.parallel:closing loop
[1.812s] DEBUG:colcon.colcon_parallel_executor.executor.parallel:loop closed
[1.812s] DEBUG:colcon.colcon_parallel_executor.executor.parallel:run_until_complete finished with '0'
[1.812s] DEBUG:colcon.colcon_core.event_reactor:joining thread
[1.816s] INFO:colcon.colcon_core.plugin_system:Skipping extension 'colcon_notification.desktop_notification.terminal_notifier': Not used on non-Darwin systems
[1.816s] INFO:colcon.colcon_core.plugin_system:Skipping extension 'colcon_notification.desktop_notification.win32': Not used on non-Windows systems
[1.816s] INFO:colcon.colcon_notification.desktop_notification:Sending desktop notification using 'notify2'
[1.826s] DEBUG:colcon.colcon_core.event_reactor:joined thread
[1.826s] INFO:colcon.colcon_core.shell:Creating prefix script '/home/antwan/ros2_ws/install/local_setup.ps1'
[1.827s] INFO:colcon.colcon_core.shell:Creating prefix util module '/home/antwan/ros2_ws/install/_local_setup_util_ps1.py'
[1.828s] INFO:colcon.colcon_core.shell:Creating prefix chain script '/home/antwan/ros2_ws/install/setup.ps1'
[1.829s] INFO:colcon.colcon_core.shell:Creating prefix script '/home/antwan/ros2_ws/install/local_setup.sh'
[1.829s] INFO:colcon.colcon_core.shell:Creating prefix util module '/home/antwan/ros2_ws/install/_local_setup_util_sh.py'
[1.830s] INFO:colcon.colcon_core.shell:Creating prefix chain script '/home/antwan/ros2_ws/install/setup.sh'
[1.830s] INFO:colcon.colcon_core.shell:Creating prefix script '/home/antwan/ros2_ws/install/local_setup.bash'
[1.831s] INFO:colcon.colcon_core.shell:Creating prefix chain script '/home/antwan/ros2_ws/install/setup.bash'
[1.832s] INFO:colcon.colcon_core.shell:Creating prefix script '/home/antwan/ros2_ws/install/local_setup.zsh'
[1.832s] INFO:colcon.colcon_core.shell:Creating prefix chain script '/home/antwan/ros2_ws/install/setup.zsh'
