[0.011s] Invoking command in '/home/antwan/ros2_ws/build/rplidar_ros': CMAKE_PREFIX_PATH=${CMAKE_PREFIX_PATH}:/home/antwan/ros2_ws/install/turtlerobotirl:/opt/ros/humble /usr/bin/cmake --build /home/antwan/ros2_ws/build/rplidar_ros -- -j8 -l8
[0.051s] [ 77%] Built target rplidar_composition_node
[0.075s] [100%] Built target rplidar_composition
[0.202s] Invoked command in '/home/antwan/ros2_ws/build/rplidar_ros' returned '0': CMAKE_PREFIX_PATH=${CMAKE_PREFIX_PATH}:/home/antwan/ros2_ws/install/turtlerobotirl:/opt/ros/humble /usr/bin/cmake --build /home/antwan/ros2_ws/build/rplidar_ros -- -j8 -l8
[0.232s] Invoking command in '/home/antwan/ros2_ws/build/rplidar_ros': CMAKE_PREFIX_PATH=${CMAKE_PREFIX_PATH}:/home/antwan/ros2_ws/install/turtlerobotirl:/opt/ros/humble /usr/bin/cmake --install /home/antwan/ros2_ws/build/rplidar_ros
[0.237s] -- Install configuration: ""
[0.237s] -- Execute custom install script
[0.238s] -- Up-to-date symlink: /home/antwan/ros2_ws/install/rplidar_ros/lib/rplidar_ros/rplidar_composition
[0.238s] -- Up-to-date symlink: /home/antwan/ros2_ws/install/rplidar_ros/share/rplidar_ros/launch/rplidar.launch.py
[0.238s] -- Up-to-date symlink: /home/antwan/ros2_ws/install/rplidar_ros/share/rplidar_ros/launch/rplidar_a3.launch.py
[0.238s] -- Up-to-date symlink: /home/antwan/ros2_ws/install/rplidar_ros/share/rplidar_ros/launch/rplidar_s1.launch.py
[0.238s] -- Up-to-date symlink: /home/antwan/ros2_ws/install/rplidar_ros/share/rplidar_ros/launch/rplidar_s1_tcp.launch.py
[0.238s] -- Up-to-date symlink: /home/antwan/ros2_ws/install/rplidar_ros/share/rplidar_ros/launch/test_rplidar_a3.launch.py
[0.238s] -- Up-to-date symlink: /home/antwan/ros2_ws/install/rplidar_ros/share/rplidar_ros/launch/view_rplidar.launch.py
[0.238s] -- Up-to-date symlink: /home/antwan/ros2_ws/install/rplidar_ros/share/rplidar_ros/launch/view_rplidar_a3.launch.py
[0.238s] -- Up-to-date symlink: /home/antwan/ros2_ws/install/rplidar_ros/share/rplidar_ros/launch/view_rplidar_s1.launch.py
[0.238s] -- Up-to-date symlink: /home/antwan/ros2_ws/install/rplidar_ros/share/rplidar_ros/launch/view_rplidar_s1_tcp.launch.py
[0.238s] -- Up-to-date symlink: /home/antwan/ros2_ws/install/rplidar_ros/share/rplidar_ros/rviz/rplidar.rviz
[0.239s] -- Up-to-date symlink: /home/antwan/ros2_ws/install/rplidar_ros/lib/librplidar_composition_node.so
[0.239s] -- Up-to-date symlink: /home/antwan/ros2_ws/install/rplidar_ros/include/rplidar_node.hpp
[0.239s] -- Up-to-date symlink: /home/antwan/ros2_ws/install/rplidar_ros/include/visibility.h
[0.239s] -- Up-to-date symlink: /home/antwan/ros2_ws/install/rplidar_ros/lib/rplidar_ros/rplidar_composition
[0.239s] -- Up-to-date symlink: /home/antwan/ros2_ws/install/rplidar_ros/share/ament_index/resource_index/package_run_dependencies/rplidar_ros
[0.239s] -- Up-to-date symlink: /home/antwan/ros2_ws/install/rplidar_ros/share/ament_index/resource_index/parent_prefix_path/rplidar_ros
[0.239s] -- Up-to-date symlink: /home/antwan/ros2_ws/install/rplidar_ros/share/rplidar_ros/environment/ament_prefix_path.sh
[0.239s] -- Up-to-date symlink: /home/antwan/ros2_ws/install/rplidar_ros/share/rplidar_ros/environment/ament_prefix_path.dsv
[0.239s] -- Up-to-date symlink: /home/antwan/ros2_ws/install/rplidar_ros/share/rplidar_ros/environment/path.sh
[0.240s] -- Up-to-date symlink: /home/antwan/ros2_ws/install/rplidar_ros/share/rplidar_ros/environment/path.dsv
[0.240s] -- Up-to-date symlink: /home/antwan/ros2_ws/install/rplidar_ros/share/rplidar_ros/local_setup.bash
[0.240s] -- Up-to-date symlink: /home/antwan/ros2_ws/install/rplidar_ros/share/rplidar_ros/local_setup.sh
[0.240s] -- Up-to-date symlink: /home/antwan/ros2_ws/install/rplidar_ros/share/rplidar_ros/local_setup.zsh
[0.240s] -- Up-to-date symlink: /home/antwan/ros2_ws/install/rplidar_ros/share/rplidar_ros/local_setup.dsv
[0.240s] -- Symlinking: /home/antwan/ros2_ws/install/rplidar_ros/share/rplidar_ros/package.dsv
[0.247s] -- Up-to-date symlink: /home/antwan/ros2_ws/install/rplidar_ros/share/ament_index/resource_index/packages/rplidar_ros
[0.247s] -- Up-to-date symlink: /home/antwan/ros2_ws/install/rplidar_ros/share/ament_index/resource_index/rclcpp_components/rplidar_ros
[0.247s] -- Up-to-date symlink: /home/antwan/ros2_ws/install/rplidar_ros/share/rplidar_ros/cmake/ament_cmake_export_dependencies-extras.cmake
[0.247s] -- Up-to-date symlink: /home/antwan/ros2_ws/install/rplidar_ros/share/rplidar_ros/cmake/ament_cmake_export_include_directories-extras.cmake
[0.247s] -- Up-to-date symlink: /home/antwan/ros2_ws/install/rplidar_ros/share/rplidar_ros/cmake/rplidar_rosConfig.cmake
[0.247s] -- Up-to-date symlink: /home/antwan/ros2_ws/install/rplidar_ros/share/rplidar_ros/cmake/rplidar_rosConfig-version.cmake
[0.247s] -- Up-to-date symlink: /home/antwan/ros2_ws/install/rplidar_ros/share/rplidar_ros/package.xml
[0.249s] Invoked command in '/home/antwan/ros2_ws/build/rplidar_ros' returned '0': CMAKE_PREFIX_PATH=${CMAKE_PREFIX_PATH}:/home/antwan/ros2_ws/install/turtlerobotirl:/opt/ros/humble /usr/bin/cmake --install /home/antwan/ros2_ws/build/rplidar_ros
